[10/22/2020, 04:33:18 AM] DEBUG (nni.main/MainThread) START
[10/22/2020, 04:33:18 AM] DEBUG (nni.main/MainThread) decoded exp_params: [{"authorName":"lscm","experimentName":"MBART","trialConcurrency":1,"maxExecDuration":144000,"maxTrialNum":9999,"trainingServicePlatform":"local","tuner":{"builtinTunerName":"CUHKPrototypeTuner"},"versionCheck":false,"clusterMetaData":[{"key":"codeDir","value":"/research/d3/zmwu/model/mbart/."},{"key":"command","value":"python wrap_program_mbart.py"}]}]
[10/22/2020, 04:33:18 AM] DEBUG (nni.main/MainThread) exp_params json obj: [{
    "authorName": "lscm",
    "experimentName": "MBART",
    "trialConcurrency": 1,
    "maxExecDuration": 144000,
    "maxTrialNum": 9999,
    "trainingServicePlatform": "local",
    "tuner": {
        "builtinTunerName": "CUHKPrototypeTuner"
    },
    "versionCheck": false,
    "clusterMetaData": [
        {
            "key": "codeDir",
            "value": "/research/d3/zmwu/model/mbart/."
        },
        {
            "key": "command",
            "value": "python wrap_program_mbart.py"
        }
    ]
}]
[10/22/2020, 04:33:19 AM] DEBUG (nni.msg_dispatcher/MainThread) Assessor is not configured
[10/22/2020, 04:33:19 AM] INFO (nni.msg_dispatcher_base/MainThread) Start dispatcher
[10/22/2020, 04:33:19 AM] DEBUG (nni.protocol/MainThread) Received command, header: [b'IN00000000000712']
[10/22/2020, 04:33:19 AM] DEBUG (nni.protocol/MainThread) Received command, data: [{"dropout": {"_type": "choice", "_value": [0.0, 0.1, 0.2, 0.3]}, "label_smooth": {"_type": "choice", "_value": [0.1, 0.2, 0.3]}, "lr": {"_type": "choice", "_value": [1e-05, 2e-05, 3e-05, 4e-05, 5e-05, 6e-05]}, "lr_scheduler": {"_type": "choice", "_value": ["inverse_sqrt", "polynomial_decay"]}, "warmup_update": {"_type": "choice", "_value": [2500, 3000, 3500, 4000, 4500, 5000]}, "optimizer": {"_type": "choice", "_value": ["adagrad", "adam"]}, "inter_op_parallelism_threads": {"_type": "choice", "_value": [1, 2, 3, 4]}, "intra_op_parallelism_threads": {"_type": "choice", "_value": [2, 4, 6, 8, 10, 12]}, "benchmark": {"_type": "choice", "_value": [0, 1]}, "allow_tf32": {"_type": "choice", "_value": [0, 1]}}]
[10/22/2020, 04:33:19 AM] DEBUG (nni.protocol/MainThread) Received command, header: [b'PI00000000000000']
[10/22/2020, 04:33:19 AM] DEBUG (nni.msg_dispatcher_base/Thread-1) process_command: command: [CommandType.Initialize], data: [OrderedDict([('dropout', OrderedDict([('_type', 'choice'), ('_value', [0.0, 0.1, 0.2, 0.3])])), ('label_smooth', OrderedDict([('_type', 'choice'), ('_value', [0.1, 0.2, 0.3])])), ('lr', OrderedDict([('_type', 'choice'), ('_value', [1e-05, 2e-05, 3e-05, 4e-05, 5e-05, 6e-05])])), ('lr_scheduler', OrderedDict([('_type', 'choice'), ('_value', ['inverse_sqrt', 'polynomial_decay'])])), ('warmup_update', OrderedDict([('_type', 'choice'), ('_value', [2500, 3000, 3500, 4000, 4500, 5000])])), ('optimizer', OrderedDict([('_type', 'choice'), ('_value', ['adagrad', 'adam'])])), ('inter_op_parallelism_threads', OrderedDict([('_type', 'choice'), ('_value', [1, 2, 3, 4])])), ('intra_op_parallelism_threads', OrderedDict([('_type', 'choice'), ('_value', [2, 4, 6, 8, 10, 12])])), ('benchmark', OrderedDict([('_type', 'choice'), ('_value', [0, 1])])), ('allow_tf32', OrderedDict([('_type', 'choice'), ('_value', [0, 1])]))])]
[10/22/2020, 04:33:19 AM] DEBUG (nni.protocol/MainThread) Received command, data: []
[10/22/2020, 04:33:19 AM] DEBUG (nni.protocol/Thread-1) Sending command, data: [b'ID00000000000000']
[10/22/2020, 04:33:19 AM] DEBUG (nni.msg_dispatcher_base/Thread-1) process_command: command: [CommandType.Ping], data: []
[10/22/2020, 04:33:19 AM] DEBUG (nni.protocol/MainThread) Received command, header: [b'GE00000000000001']
[10/22/2020, 04:33:19 AM] DEBUG (nni.protocol/MainThread) Received command, data: [1]
[10/22/2020, 04:33:19 AM] DEBUG (nni.msg_dispatcher_base/Thread-1) process_command: command: [CommandType.RequestTrialJobs], data: [1]
[10/22/2020, 04:33:19 AM] DEBUG (nni.msg_dispatcher/Thread-1) requesting for generating params of [0]
[10/22/2020, 04:33:19 AM] DEBUG (nni.tuner/Thread-1) generating param for 0
[10/22/2020, 04:33:19 AM] DEBUG (nni.protocol/Thread-1) Sending command, data: [b'TR00000000000320{"parameter_id": 0, "parameter_source": "algorithm", "parameters": {"dropout": 0.2, "label_smooth": 0.3, "lr": 1e-05, "lr_scheduler": "inverse_sqrt", "warmup_update": 5000, "optimizer": "adam", "inter_op_parallelism_threads": 3, "intra_op_parallelism_threads": 10, "benchmark": 0, "allow_tf32": 0}, "parameter_index": 0}']
[10/22/2020, 04:33:22 AM] DEBUG (nni.protocol/MainThread) Received command, header: [b'PI00000000000000']
[10/22/2020, 04:33:22 AM] DEBUG (nni.protocol/MainThread) Received command, data: []
[10/22/2020, 04:33:22 AM] DEBUG (nni.msg_dispatcher_base/Thread-1) process_command: command: [CommandType.Ping], data: []
[10/22/2020, 04:33:27 AM] DEBUG (nni.protocol/MainThread) Received command, header: [b'PI00000000000000']
[10/22/2020, 04:33:27 AM] DEBUG (nni.protocol/MainThread) Received command, data: []
[10/22/2020, 04:33:27 AM] DEBUG (nni.msg_dispatcher_base/Thread-1) process_command: command: [CommandType.Ping], data: []
[10/22/2020, 04:33:32 AM] DEBUG (nni.protocol/MainThread) Received command, header: [b'PI00000000000000']
[10/22/2020, 04:33:32 AM] DEBUG (nni.protocol/MainThread) Received command, data: []
[10/22/2020, 04:33:32 AM] DEBUG (nni.msg_dispatcher_base/Thread-1) process_command: command: [CommandType.Ping], data: []
[10/22/2020, 04:33:37 AM] DEBUG (nni.protocol/MainThread) Received command, header: [b'PI00000000000000']
[10/22/2020, 04:33:37 AM] DEBUG (nni.protocol/MainThread) Received command, data: []
[10/22/2020, 04:33:37 AM] DEBUG (nni.msg_dispatcher_base/Thread-1) process_command: command: [CommandType.Ping], data: []
[10/22/2020, 04:33:42 AM] DEBUG (nni.protocol/MainThread) Received command, header: [b'PI00000000000000']
[10/22/2020, 04:33:42 AM] DEBUG (nni.protocol/MainThread) Received command, data: []
[10/22/2020, 04:33:42 AM] DEBUG (nni.msg_dispatcher_base/Thread-1) process_command: command: [CommandType.Ping], data: []
[10/22/2020, 04:33:47 AM] DEBUG (nni.protocol/MainThread) Received command, header: [b'PI00000000000000']
[10/22/2020, 04:33:47 AM] DEBUG (nni.protocol/MainThread) Received command, data: []
[10/22/2020, 04:33:47 AM] DEBUG (nni.msg_dispatcher_base/Thread-1) process_command: command: [CommandType.Ping], data: []
[10/22/2020, 04:33:52 AM] DEBUG (nni.protocol/MainThread) Received command, header: [b'PI00000000000000']
[10/22/2020, 04:33:52 AM] DEBUG (nni.protocol/MainThread) Received command, data: []
[10/22/2020, 04:33:52 AM] DEBUG (nni.msg_dispatcher_base/Thread-1) process_command: command: [CommandType.Ping], data: []
[10/22/2020, 04:33:57 AM] DEBUG (nni.protocol/MainThread) Received command, header: [b'PI00000000000000']
[10/22/2020, 04:33:57 AM] DEBUG (nni.protocol/MainThread) Received command, data: []
[10/22/2020, 04:33:57 AM] DEBUG (nni.msg_dispatcher_base/Thread-1) process_command: command: [CommandType.Ping], data: []
[10/22/2020, 04:34:02 AM] DEBUG (nni.protocol/MainThread) Received command, header: [b'PI00000000000000']
[10/22/2020, 04:34:02 AM] DEBUG (nni.protocol/MainThread) Received command, data: []
[10/22/2020, 04:34:02 AM] DEBUG (nni.msg_dispatcher_base/Thread-1) process_command: command: [CommandType.Ping], data: []
[10/22/2020, 04:34:07 AM] DEBUG (nni.protocol/MainThread) Received command, header: [b'PI00000000000000']
[10/22/2020, 04:34:07 AM] DEBUG (nni.protocol/MainThread) Received command, data: []
[10/22/2020, 04:34:07 AM] DEBUG (nni.msg_dispatcher_base/Thread-1) process_command: command: [CommandType.Ping], data: []
[10/22/2020, 04:34:12 AM] DEBUG (nni.protocol/MainThread) Received command, header: [b'PI00000000000000']
[10/22/2020, 04:34:12 AM] DEBUG (nni.protocol/MainThread) Received command, data: []
[10/22/2020, 04:34:12 AM] DEBUG (nni.msg_dispatcher_base/Thread-1) process_command: command: [CommandType.Ping], data: []
[10/22/2020, 04:34:17 AM] DEBUG (nni.protocol/MainThread) Received command, header: [b'PI00000000000000']
[10/22/2020, 04:34:17 AM] DEBUG (nni.protocol/MainThread) Received command, data: []
[10/22/2020, 04:34:17 AM] DEBUG (nni.msg_dispatcher_base/Thread-1) process_command: command: [CommandType.Ping], data: []
[10/22/2020, 04:34:22 AM] DEBUG (nni.protocol/MainThread) Received command, header: [b'PI00000000000000']
[10/22/2020, 04:34:22 AM] DEBUG (nni.protocol/MainThread) Received command, data: []
[10/22/2020, 04:34:22 AM] DEBUG (nni.msg_dispatcher_base/Thread-1) process_command: command: [CommandType.Ping], data: []
[10/22/2020, 04:34:27 AM] DEBUG (nni.protocol/MainThread) Received command, header: [b'PI00000000000000']
[10/22/2020, 04:34:27 AM] DEBUG (nni.protocol/MainThread) Received command, data: []
[10/22/2020, 04:34:27 AM] DEBUG (nni.msg_dispatcher_base/Thread-1) process_command: command: [CommandType.Ping], data: []
[10/22/2020, 04:34:32 AM] DEBUG (nni.protocol/MainThread) Received command, header: [b'PI00000000000000']
[10/22/2020, 04:34:32 AM] DEBUG (nni.protocol/MainThread) Received command, data: []
[10/22/2020, 04:34:32 AM] DEBUG (nni.msg_dispatcher_base/Thread-1) process_command: command: [CommandType.Ping], data: []
[10/22/2020, 04:34:37 AM] DEBUG (nni.protocol/MainThread) Received command, header: [b'PI00000000000000']
[10/22/2020, 04:34:37 AM] DEBUG (nni.protocol/MainThread) Received command, data: []
[10/22/2020, 04:34:37 AM] DEBUG (nni.msg_dispatcher_base/Thread-1) process_command: command: [CommandType.Ping], data: []
[10/22/2020, 04:34:42 AM] DEBUG (nni.protocol/MainThread) Received command, header: [b'PI00000000000000']
[10/22/2020, 04:34:42 AM] DEBUG (nni.protocol/MainThread) Received command, data: []
[10/22/2020, 04:34:42 AM] DEBUG (nni.msg_dispatcher_base/Thread-1) process_command: command: [CommandType.Ping], data: []
[10/22/2020, 04:34:47 AM] DEBUG (nni.protocol/MainThread) Received command, header: [b'PI00000000000000']
[10/22/2020, 04:34:47 AM] DEBUG (nni.protocol/MainThread) Received command, data: []
[10/22/2020, 04:34:47 AM] DEBUG (nni.msg_dispatcher_base/Thread-1) process_command: command: [CommandType.Ping], data: []
[10/22/2020, 04:34:52 AM] DEBUG (nni.protocol/MainThread) Received command, header: [b'PI00000000000000']
[10/22/2020, 04:34:52 AM] DEBUG (nni.protocol/MainThread) Received command, data: []
[10/22/2020, 04:34:52 AM] DEBUG (nni.msg_dispatcher_base/Thread-1) process_command: command: [CommandType.Ping], data: []
[10/22/2020, 04:34:57 AM] DEBUG (nni.protocol/MainThread) Received command, header: [b'PI00000000000000']
[10/22/2020, 04:34:57 AM] DEBUG (nni.protocol/MainThread) Received command, data: []
[10/22/2020, 04:34:57 AM] DEBUG (nni.msg_dispatcher_base/Thread-1) process_command: command: [CommandType.Ping], data: []
[10/22/2020, 04:35:04 AM] DEBUG (nni.protocol/MainThread) Received command, header: [b'PI00000000000000']
[10/22/2020, 04:35:04 AM] DEBUG (nni.protocol/MainThread) Received command, data: []
[10/22/2020, 04:35:04 AM] DEBUG (nni.msg_dispatcher_base/Thread-1) process_command: command: [CommandType.Ping], data: []
[10/22/2020, 04:35:09 AM] DEBUG (nni.protocol/MainThread) Received command, header: [b'PI00000000000000']
[10/22/2020, 04:35:09 AM] DEBUG (nni.protocol/MainThread) Received command, data: []
[10/22/2020, 04:35:09 AM] DEBUG (nni.msg_dispatcher_base/Thread-1) process_command: command: [CommandType.Ping], data: []
[10/22/2020, 04:35:14 AM] DEBUG (nni.protocol/MainThread) Received command, header: [b'PI00000000000000']
[10/22/2020, 04:35:14 AM] DEBUG (nni.protocol/MainThread) Received command, data: []
[10/22/2020, 04:35:14 AM] DEBUG (nni.msg_dispatcher_base/Thread-1) process_command: command: [CommandType.Ping], data: []
[10/22/2020, 04:35:19 AM] DEBUG (nni.protocol/MainThread) Received command, header: [b'PI00000000000000']
[10/22/2020, 04:35:19 AM] DEBUG (nni.protocol/MainThread) Received command, data: []
[10/22/2020, 04:35:19 AM] DEBUG (nni.msg_dispatcher_base/Thread-1) process_command: command: [CommandType.Ping], data: []
[10/22/2020, 04:35:24 AM] DEBUG (nni.protocol/MainThread) Received command, header: [b'PI00000000000000']
[10/22/2020, 04:35:24 AM] DEBUG (nni.protocol/MainThread) Received command, data: []
[10/22/2020, 04:35:24 AM] DEBUG (nni.msg_dispatcher_base/Thread-1) process_command: command: [CommandType.Ping], data: []
[10/22/2020, 04:35:29 AM] DEBUG (nni.protocol/MainThread) Received command, header: [b'PI00000000000000']
[10/22/2020, 04:35:29 AM] DEBUG (nni.protocol/MainThread) Received command, data: []
[10/22/2020, 04:35:29 AM] DEBUG (nni.msg_dispatcher_base/Thread-1) process_command: command: [CommandType.Ping], data: []
[10/22/2020, 04:35:34 AM] DEBUG (nni.protocol/MainThread) Received command, header: [b'PI00000000000000']
[10/22/2020, 04:35:34 AM] DEBUG (nni.protocol/MainThread) Received command, data: []
[10/22/2020, 04:35:34 AM] DEBUG (nni.msg_dispatcher_base/Thread-1) process_command: command: [CommandType.Ping], data: []
[10/22/2020, 04:35:39 AM] DEBUG (nni.protocol/MainThread) Received command, header: [b'PI00000000000000']
[10/22/2020, 04:35:39 AM] DEBUG (nni.protocol/MainThread) Received command, data: []
[10/22/2020, 04:35:39 AM] DEBUG (nni.msg_dispatcher_base/Thread-1) process_command: command: [CommandType.Ping], data: []
[10/22/2020, 04:35:44 AM] DEBUG (nni.protocol/MainThread) Received command, header: [b'PI00000000000000']
[10/22/2020, 04:35:44 AM] DEBUG (nni.protocol/MainThread) Received command, data: []
[10/22/2020, 04:35:44 AM] DEBUG (nni.msg_dispatcher_base/Thread-1) process_command: command: [CommandType.Ping], data: []
[10/22/2020, 04:35:46 AM] DEBUG (nni.protocol/MainThread) Received command, header: [b'ME00000000000174']
[10/22/2020, 04:35:46 AM] DEBUG (nni.protocol/MainThread) Received command, data: [{"parameter_id": 0, "trial_job_id": "CuqEz", "type": "FINAL", "sequence": 0, "value": "{\"runtime\": 0.031183738311131796, \"default\": 100.0, \"maximize\": [\"default\"]}"}
]
[10/22/2020, 04:35:46 AM] DEBUG (nni.msg_dispatcher_base/Thread-1) process_command: command: [CommandType.ReportMetricData], data: [OrderedDict([('parameter_id', 0), ('trial_job_id', 'CuqEz'), ('type', 'FINAL'), ('sequence', 0), ('value', '{"runtime": 0.031183738311131796, "default": 100.0, "maximize": ["default"]}')])]
[10/22/2020, 04:35:47 AM] DEBUG (nni.protocol/MainThread) Received command, header: [b'EN00000000000416']
[10/22/2020, 04:35:47 AM] DEBUG (nni.protocol/MainThread) Received command, data: [{"trial_job_id":"CuqEz","event":"SUCCEEDED","hyper_params":"{\"parameter_id\": 0, \"parameter_source\": \"algorithm\", \"parameters\": {\"dropout\": 0.2, \"label_smooth\": 0.3, \"lr\": 1e-05, \"lr_scheduler\": \"inverse_sqrt\", \"warmup_update\": 5000, \"optimizer\": \"adam\", \"inter_op_parallelism_threads\": 3, \"intra_op_parallelism_threads\": 10, \"benchmark\": 0, \"allow_tf32\": 0}, \"parameter_index\": 0}"}]
[10/22/2020, 04:35:47 AM] DEBUG (nni.msg_dispatcher_base/Thread-2) process_command: command: [CommandType.TrialEnd], data: [OrderedDict([('trial_job_id', 'CuqEz'), ('event', 'SUCCEEDED'), ('hyper_params', '{"parameter_id": 0, "parameter_source": "algorithm", "parameters": {"dropout": 0.2, "label_smooth": 0.3, "lr": 1e-05, "lr_scheduler": "inverse_sqrt", "warmup_update": 5000, "optimizer": "adam", "inter_op_parallelism_threads": 3, "intra_op_parallelism_threads": 10, "benchmark": 0, "allow_tf32": 0}, "parameter_index": 0}')])]
[10/22/2020, 04:35:47 AM] DEBUG (nni.protocol/MainThread) Received command, header: [b'GE00000000000001']
[10/22/2020, 04:35:47 AM] DEBUG (nni.protocol/MainThread) Received command, data: [1]
[10/22/2020, 04:35:47 AM] DEBUG (nni.msg_dispatcher_base/Thread-1) process_command: command: [CommandType.RequestTrialJobs], data: [1]
[10/22/2020, 04:35:47 AM] DEBUG (nni.msg_dispatcher/Thread-1) requesting for generating params of [1]
[10/22/2020, 04:35:47 AM] DEBUG (nni.tuner/Thread-1) generating param for 1
[10/22/2020, 04:35:47 AM] DEBUG (nni.protocol/Thread-1) Sending command, data: [b'TR00000000000322{"parameter_id": 1, "parameter_source": "algorithm", "parameters": {"dropout": 0.2, "label_smooth": 0.2, "lr": 2e-05, "lr_scheduler": "inverse_sqrt", "warmup_update": 4000, "optimizer": "adagrad", "inter_op_parallelism_threads": 4, "intra_op_parallelism_threads": 4, "benchmark": 0, "allow_tf32": 0}, "parameter_index": 0}']
[10/22/2020, 04:35:49 AM] DEBUG (nni.protocol/MainThread) Received command, header: [b'PI00000000000000']
[10/22/2020, 04:35:49 AM] DEBUG (nni.protocol/MainThread) Received command, data: []
[10/22/2020, 04:35:49 AM] DEBUG (nni.msg_dispatcher_base/Thread-1) process_command: command: [CommandType.Ping], data: []
[10/22/2020, 04:35:54 AM] DEBUG (nni.protocol/MainThread) Received command, header: [b'PI00000000000000']
[10/22/2020, 04:35:54 AM] DEBUG (nni.protocol/MainThread) Received command, data: []
[10/22/2020, 04:35:54 AM] DEBUG (nni.msg_dispatcher_base/Thread-1) process_command: command: [CommandType.Ping], data: []
[10/22/2020, 04:35:59 AM] DEBUG (nni.protocol/MainThread) Received command, header: [b'PI00000000000000']
[10/22/2020, 04:35:59 AM] DEBUG (nni.protocol/MainThread) Received command, data: []
[10/22/2020, 04:35:59 AM] DEBUG (nni.msg_dispatcher_base/Thread-1) process_command: command: [CommandType.Ping], data: []
[10/22/2020, 04:36:04 AM] DEBUG (nni.protocol/MainThread) Received command, header: [b'PI00000000000000']
[10/22/2020, 04:36:04 AM] DEBUG (nni.protocol/MainThread) Received command, data: []
[10/22/2020, 04:36:04 AM] DEBUG (nni.msg_dispatcher_base/Thread-1) process_command: command: [CommandType.Ping], data: []
[10/22/2020, 04:36:09 AM] DEBUG (nni.protocol/MainThread) Received command, header: [b'PI00000000000000']
[10/22/2020, 04:36:09 AM] DEBUG (nni.protocol/MainThread) Received command, data: []
[10/22/2020, 04:36:09 AM] DEBUG (nni.msg_dispatcher_base/Thread-1) process_command: command: [CommandType.Ping], data: []
[10/22/2020, 04:36:14 AM] DEBUG (nni.protocol/MainThread) Received command, header: [b'PI00000000000000']
[10/22/2020, 04:36:14 AM] DEBUG (nni.protocol/MainThread) Received command, data: []
[10/22/2020, 04:36:14 AM] DEBUG (nni.msg_dispatcher_base/Thread-1) process_command: command: [CommandType.Ping], data: []
[10/22/2020, 04:36:19 AM] DEBUG (nni.protocol/MainThread) Received command, header: [b'PI00000000000000']
[10/22/2020, 04:36:19 AM] DEBUG (nni.protocol/MainThread) Received command, data: []
[10/22/2020, 04:36:19 AM] DEBUG (nni.msg_dispatcher_base/Thread-1) process_command: command: [CommandType.Ping], data: []
[10/22/2020, 04:36:24 AM] DEBUG (nni.protocol/MainThread) Received command, header: [b'PI00000000000000']
[10/22/2020, 04:36:24 AM] DEBUG (nni.protocol/MainThread) Received command, data: []
[10/22/2020, 04:36:24 AM] DEBUG (nni.msg_dispatcher_base/Thread-1) process_command: command: [CommandType.Ping], data: []
[10/22/2020, 04:36:29 AM] DEBUG (nni.protocol/MainThread) Received command, header: [b'PI00000000000000']
[10/22/2020, 04:36:29 AM] DEBUG (nni.protocol/MainThread) Received command, data: []
[10/22/2020, 04:36:29 AM] DEBUG (nni.msg_dispatcher_base/Thread-1) process_command: command: [CommandType.Ping], data: []
[10/22/2020, 04:36:34 AM] DEBUG (nni.protocol/MainThread) Received command, header: [b'PI00000000000000']
[10/22/2020, 04:36:34 AM] DEBUG (nni.protocol/MainThread) Received command, data: []
[10/22/2020, 04:36:34 AM] DEBUG (nni.msg_dispatcher_base/Thread-1) process_command: command: [CommandType.Ping], data: []
[10/22/2020, 04:36:39 AM] DEBUG (nni.protocol/MainThread) Received command, header: [b'PI00000000000000']
[10/22/2020, 04:36:39 AM] DEBUG (nni.protocol/MainThread) Received command, data: []
[10/22/2020, 04:36:39 AM] DEBUG (nni.msg_dispatcher_base/Thread-1) process_command: command: [CommandType.Ping], data: []
[10/22/2020, 04:36:46 AM] DEBUG (nni.protocol/MainThread) Received command, header: [b'PI00000000000000']
[10/22/2020, 04:36:46 AM] DEBUG (nni.protocol/MainThread) Received command, data: []
[10/22/2020, 04:36:46 AM] DEBUG (nni.msg_dispatcher_base/Thread-1) process_command: command: [CommandType.Ping], data: []
[10/22/2020, 04:36:51 AM] DEBUG (nni.protocol/MainThread) Received command, header: [b'PI00000000000000']
[10/22/2020, 04:36:51 AM] DEBUG (nni.protocol/MainThread) Received command, data: []
[10/22/2020, 04:36:51 AM] DEBUG (nni.msg_dispatcher_base/Thread-1) process_command: command: [CommandType.Ping], data: []
[10/22/2020, 04:36:56 AM] DEBUG (nni.protocol/MainThread) Received command, header: [b'PI00000000000000']
[10/22/2020, 04:36:56 AM] DEBUG (nni.protocol/MainThread) Received command, data: []
[10/22/2020, 04:36:56 AM] DEBUG (nni.msg_dispatcher_base/Thread-1) process_command: command: [CommandType.Ping], data: []
[10/22/2020, 04:37:01 AM] DEBUG (nni.protocol/MainThread) Received command, header: [b'PI00000000000000']
[10/22/2020, 04:37:01 AM] DEBUG (nni.protocol/MainThread) Received command, data: []
[10/22/2020, 04:37:01 AM] DEBUG (nni.msg_dispatcher_base/Thread-1) process_command: command: [CommandType.Ping], data: []
[10/22/2020, 04:37:06 AM] DEBUG (nni.protocol/MainThread) Received command, header: [b'PI00000000000000']
[10/22/2020, 04:37:06 AM] DEBUG (nni.protocol/MainThread) Received command, data: []
[10/22/2020, 04:37:06 AM] DEBUG (nni.msg_dispatcher_base/Thread-1) process_command: command: [CommandType.Ping], data: []
[10/22/2020, 04:37:17 AM] DEBUG (nni.protocol/MainThread) Received command, header: [b'PI00000000000000']
[10/22/2020, 04:37:17 AM] DEBUG (nni.protocol/MainThread) Received command, data: []
[10/22/2020, 04:37:17 AM] DEBUG (nni.msg_dispatcher_base/Thread-1) process_command: command: [CommandType.Ping], data: []
[10/22/2020, 04:37:22 AM] DEBUG (nni.protocol/MainThread) Received command, header: [b'PI00000000000000']
[10/22/2020, 04:37:22 AM] DEBUG (nni.protocol/MainThread) Received command, data: []
[10/22/2020, 04:37:22 AM] DEBUG (nni.msg_dispatcher_base/Thread-1) process_command: command: [CommandType.Ping], data: []
[10/22/2020, 04:37:27 AM] DEBUG (nni.protocol/MainThread) Received command, header: [b'PI00000000000000']
[10/22/2020, 04:37:27 AM] DEBUG (nni.protocol/MainThread) Received command, data: []
[10/22/2020, 04:37:27 AM] DEBUG (nni.msg_dispatcher_base/Thread-1) process_command: command: [CommandType.Ping], data: []
[10/22/2020, 04:37:32 AM] DEBUG (nni.protocol/MainThread) Received command, header: [b'PI00000000000000']
[10/22/2020, 04:37:32 AM] DEBUG (nni.protocol/MainThread) Received command, data: []
[10/22/2020, 04:37:32 AM] DEBUG (nni.msg_dispatcher_base/Thread-1) process_command: command: [CommandType.Ping], data: []
[10/22/2020, 04:37:37 AM] DEBUG (nni.protocol/MainThread) Received command, header: [b'PI00000000000000']
[10/22/2020, 04:37:37 AM] DEBUG (nni.protocol/MainThread) Received command, data: []
[10/22/2020, 04:37:37 AM] DEBUG (nni.msg_dispatcher_base/Thread-1) process_command: command: [CommandType.Ping], data: []
[10/22/2020, 04:37:42 AM] DEBUG (nni.protocol/MainThread) Received command, header: [b'PI00000000000000']
[10/22/2020, 04:37:42 AM] DEBUG (nni.protocol/MainThread) Received command, data: []
[10/22/2020, 04:37:42 AM] DEBUG (nni.msg_dispatcher_base/Thread-1) process_command: command: [CommandType.Ping], data: []
[10/22/2020, 04:37:45 AM] DEBUG (nni.protocol/MainThread) Received command, header: [b'ME00000000000173']
[10/22/2020, 04:37:45 AM] DEBUG (nni.protocol/MainThread) Received command, data: [{"parameter_id": 1, "trial_job_id": "UWtKW", "type": "FINAL", "sequence": 0, "value": "{\"runtime\": 0.02389447271823883, \"default\": 100.0, \"maximize\": [\"default\"]}"}
]
[10/22/2020, 04:37:45 AM] DEBUG (nni.msg_dispatcher_base/Thread-1) process_command: command: [CommandType.ReportMetricData], data: [OrderedDict([('parameter_id', 1), ('trial_job_id', 'UWtKW'), ('type', 'FINAL'), ('sequence', 0), ('value', '{"runtime": 0.02389447271823883, "default": 100.0, "maximize": ["default"]}')])]
[10/22/2020, 04:37:47 AM] DEBUG (nni.protocol/MainThread) Received command, header: [b'PI00000000000000']
[10/22/2020, 04:37:47 AM] DEBUG (nni.protocol/MainThread) Received command, data: []
[10/22/2020, 04:37:47 AM] DEBUG (nni.msg_dispatcher_base/Thread-1) process_command: command: [CommandType.Ping], data: []
[10/22/2020, 04:37:47 AM] DEBUG (nni.protocol/MainThread) Received command, header: [b'EN00000000000418']
[10/22/2020, 04:37:47 AM] DEBUG (nni.protocol/MainThread) Received command, data: [{"trial_job_id":"UWtKW","event":"SUCCEEDED","hyper_params":"{\"parameter_id\": 1, \"parameter_source\": \"algorithm\", \"parameters\": {\"dropout\": 0.2, \"label_smooth\": 0.2, \"lr\": 2e-05, \"lr_scheduler\": \"inverse_sqrt\", \"warmup_update\": 4000, \"optimizer\": \"adagrad\", \"inter_op_parallelism_threads\": 4, \"intra_op_parallelism_threads\": 4, \"benchmark\": 0, \"allow_tf32\": 0}, \"parameter_index\": 0}"}]
[10/22/2020, 04:37:47 AM] DEBUG (nni.msg_dispatcher_base/Thread-2) process_command: command: [CommandType.TrialEnd], data: [OrderedDict([('trial_job_id', 'UWtKW'), ('event', 'SUCCEEDED'), ('hyper_params', '{"parameter_id": 1, "parameter_source": "algorithm", "parameters": {"dropout": 0.2, "label_smooth": 0.2, "lr": 2e-05, "lr_scheduler": "inverse_sqrt", "warmup_update": 4000, "optimizer": "adagrad", "inter_op_parallelism_threads": 4, "intra_op_parallelism_threads": 4, "benchmark": 0, "allow_tf32": 0}, "parameter_index": 0}')])]
[10/22/2020, 04:37:47 AM] DEBUG (nni.protocol/MainThread) Received command, header: [b'GE00000000000001']
[10/22/2020, 04:37:47 AM] DEBUG (nni.protocol/MainThread) Received command, data: [1]
[10/22/2020, 04:37:47 AM] DEBUG (nni.msg_dispatcher_base/Thread-1) process_command: command: [CommandType.RequestTrialJobs], data: [1]
[10/22/2020, 04:37:47 AM] DEBUG (nni.msg_dispatcher/Thread-1) requesting for generating params of [2]
[10/22/2020, 04:37:47 AM] DEBUG (nni.tuner/Thread-1) generating param for 2
[10/22/2020, 04:37:49 AM] DEBUG (nni.protocol/Thread-1) Sending command, data: [b'TR00000000000326{"parameter_id": 2, "parameter_source": "algorithm", "parameters": {"dropout": 0.2, "label_smooth": 0.3, "lr": 1e-05, "lr_scheduler": "polynomial_decay", "warmup_update": 3000, "optimizer": "adagrad", "inter_op_parallelism_threads": 3, "intra_op_parallelism_threads": 8, "benchmark": 0, "allow_tf32": 0}, "parameter_index": 0}']
[10/22/2020, 04:37:52 AM] DEBUG (nni.protocol/MainThread) Received command, header: [b'PI00000000000000']
[10/22/2020, 04:37:52 AM] DEBUG (nni.protocol/MainThread) Received command, data: []
[10/22/2020, 04:37:52 AM] DEBUG (nni.msg_dispatcher_base/Thread-1) process_command: command: [CommandType.Ping], data: []
[10/22/2020, 04:37:57 AM] DEBUG (nni.protocol/MainThread) Received command, header: [b'PI00000000000000']
[10/22/2020, 04:37:57 AM] DEBUG (nni.protocol/MainThread) Received command, data: []
[10/22/2020, 04:37:57 AM] DEBUG (nni.msg_dispatcher_base/Thread-1) process_command: command: [CommandType.Ping], data: []
[10/22/2020, 04:38:02 AM] DEBUG (nni.protocol/MainThread) Received command, header: [b'PI00000000000000']
[10/22/2020, 04:38:02 AM] DEBUG (nni.protocol/MainThread) Received command, data: []
[10/22/2020, 04:38:02 AM] DEBUG (nni.msg_dispatcher_base/Thread-1) process_command: command: [CommandType.Ping], data: []
[10/22/2020, 04:38:07 AM] DEBUG (nni.protocol/MainThread) Received command, header: [b'PI00000000000000']
[10/22/2020, 04:38:07 AM] DEBUG (nni.protocol/MainThread) Received command, data: []
[10/22/2020, 04:38:07 AM] DEBUG (nni.msg_dispatcher_base/Thread-1) process_command: command: [CommandType.Ping], data: []
[10/22/2020, 04:38:12 AM] DEBUG (nni.protocol/MainThread) Received command, header: [b'PI00000000000000']
[10/22/2020, 04:38:12 AM] DEBUG (nni.protocol/MainThread) Received command, data: []
[10/22/2020, 04:38:12 AM] DEBUG (nni.msg_dispatcher_base/Thread-1) process_command: command: [CommandType.Ping], data: []
[10/22/2020, 04:38:17 AM] DEBUG (nni.protocol/MainThread) Received command, header: [b'PI00000000000000']
[10/22/2020, 04:38:17 AM] DEBUG (nni.protocol/MainThread) Received command, data: []
[10/22/2020, 04:38:17 AM] DEBUG (nni.msg_dispatcher_base/Thread-1) process_command: command: [CommandType.Ping], data: []
[10/22/2020, 04:38:22 AM] DEBUG (nni.protocol/MainThread) Received command, header: [b'PI00000000000000']
[10/22/2020, 04:38:22 AM] DEBUG (nni.protocol/MainThread) Received command, data: []
[10/22/2020, 04:38:22 AM] DEBUG (nni.msg_dispatcher_base/Thread-1) process_command: command: [CommandType.Ping], data: []
[10/22/2020, 04:38:27 AM] DEBUG (nni.protocol/MainThread) Received command, header: [b'PI00000000000000']
[10/22/2020, 04:38:27 AM] DEBUG (nni.protocol/MainThread) Received command, data: []
[10/22/2020, 04:38:27 AM] DEBUG (nni.msg_dispatcher_base/Thread-1) process_command: command: [CommandType.Ping], data: []
[10/22/2020, 04:38:32 AM] DEBUG (nni.protocol/MainThread) Received command, header: [b'PI00000000000000']
[10/22/2020, 04:38:32 AM] DEBUG (nni.protocol/MainThread) Received command, data: []
[10/22/2020, 04:38:32 AM] DEBUG (nni.msg_dispatcher_base/Thread-1) process_command: command: [CommandType.Ping], data: []
[10/22/2020, 04:38:37 AM] DEBUG (nni.protocol/MainThread) Received command, header: [b'PI00000000000000']
[10/22/2020, 04:38:37 AM] DEBUG (nni.protocol/MainThread) Received command, data: []
[10/22/2020, 04:38:37 AM] DEBUG (nni.msg_dispatcher_base/Thread-1) process_command: command: [CommandType.Ping], data: []
[10/22/2020, 04:38:42 AM] DEBUG (nni.protocol/MainThread) Received command, header: [b'PI00000000000000']
[10/22/2020, 04:38:42 AM] DEBUG (nni.protocol/MainThread) Received command, data: []
[10/22/2020, 04:38:42 AM] DEBUG (nni.msg_dispatcher_base/Thread-1) process_command: command: [CommandType.Ping], data: []
[10/22/2020, 04:38:47 AM] DEBUG (nni.protocol/MainThread) Received command, header: [b'PI00000000000000']
[10/22/2020, 04:38:47 AM] DEBUG (nni.protocol/MainThread) Received command, data: []
[10/22/2020, 04:38:47 AM] DEBUG (nni.msg_dispatcher_base/Thread-1) process_command: command: [CommandType.Ping], data: []
[10/22/2020, 04:38:52 AM] DEBUG (nni.protocol/MainThread) Received command, header: [b'PI00000000000000']
[10/22/2020, 04:38:52 AM] DEBUG (nni.protocol/MainThread) Received command, data: []
[10/22/2020, 04:38:52 AM] DEBUG (nni.msg_dispatcher_base/Thread-1) process_command: command: [CommandType.Ping], data: []
[10/22/2020, 04:38:57 AM] DEBUG (nni.protocol/MainThread) Received command, header: [b'PI00000000000000']
[10/22/2020, 04:38:57 AM] DEBUG (nni.protocol/MainThread) Received command, data: []
[10/22/2020, 04:38:57 AM] DEBUG (nni.msg_dispatcher_base/Thread-1) process_command: command: [CommandType.Ping], data: []
[10/22/2020, 04:39:02 AM] DEBUG (nni.protocol/MainThread) Received command, header: [b'PI00000000000000']
[10/22/2020, 04:39:02 AM] DEBUG (nni.protocol/MainThread) Received command, data: []
[10/22/2020, 04:39:02 AM] DEBUG (nni.msg_dispatcher_base/Thread-1) process_command: command: [CommandType.Ping], data: []
[10/22/2020, 04:39:07 AM] DEBUG (nni.protocol/MainThread) Received command, header: [b'PI00000000000000']
[10/22/2020, 04:39:07 AM] DEBUG (nni.protocol/MainThread) Received command, data: []
[10/22/2020, 04:39:07 AM] DEBUG (nni.msg_dispatcher_base/Thread-1) process_command: command: [CommandType.Ping], data: []
[10/22/2020, 04:39:12 AM] DEBUG (nni.protocol/MainThread) Received command, header: [b'PI00000000000000']
[10/22/2020, 04:39:12 AM] DEBUG (nni.protocol/MainThread) Received command, data: []
[10/22/2020, 04:39:12 AM] DEBUG (nni.msg_dispatcher_base/Thread-1) process_command: command: [CommandType.Ping], data: []
[10/22/2020, 04:39:17 AM] DEBUG (nni.protocol/MainThread) Received command, header: [b'PI00000000000000']
[10/22/2020, 04:39:17 AM] DEBUG (nni.protocol/MainThread) Received command, data: []
[10/22/2020, 04:39:17 AM] DEBUG (nni.msg_dispatcher_base/Thread-1) process_command: command: [CommandType.Ping], data: []
[10/22/2020, 04:39:22 AM] DEBUG (nni.protocol/MainThread) Received command, header: [b'PI00000000000000']
[10/22/2020, 04:39:22 AM] DEBUG (nni.protocol/MainThread) Received command, data: []
[10/22/2020, 04:39:22 AM] DEBUG (nni.msg_dispatcher_base/Thread-1) process_command: command: [CommandType.Ping], data: []
[10/22/2020, 04:39:27 AM] DEBUG (nni.protocol/MainThread) Received command, header: [b'PI00000000000000']
[10/22/2020, 04:39:27 AM] DEBUG (nni.protocol/MainThread) Received command, data: []
[10/22/2020, 04:39:27 AM] DEBUG (nni.msg_dispatcher_base/Thread-1) process_command: command: [CommandType.Ping], data: []
[10/22/2020, 04:39:32 AM] DEBUG (nni.protocol/MainThread) Received command, header: [b'PI00000000000000']
[10/22/2020, 04:39:32 AM] DEBUG (nni.protocol/MainThread) Received command, data: []
[10/22/2020, 04:39:32 AM] DEBUG (nni.msg_dispatcher_base/Thread-1) process_command: command: [CommandType.Ping], data: []
[10/22/2020, 04:39:37 AM] DEBUG (nni.protocol/MainThread) Received command, header: [b'PI00000000000000']
[10/22/2020, 04:39:37 AM] DEBUG (nni.protocol/MainThread) Received command, data: []
[10/22/2020, 04:39:37 AM] DEBUG (nni.msg_dispatcher_base/Thread-1) process_command: command: [CommandType.Ping], data: []
[10/22/2020, 04:39:42 AM] DEBUG (nni.protocol/MainThread) Received command, header: [b'PI00000000000000']
[10/22/2020, 04:39:42 AM] DEBUG (nni.protocol/MainThread) Received command, data: []
[10/22/2020, 04:39:42 AM] DEBUG (nni.msg_dispatcher_base/Thread-1) process_command: command: [CommandType.Ping], data: []
