[10/22/2020, 4:33:16 AM] DEBUG [ 'Database directory: /uac/rshr/zmwu/nni-experiments/URXVaqBb/db' ]
[10/22/2020, 4:33:16 AM] INFO [ 'Datastore initialization done' ]
[10/22/2020, 4:33:16 AM] INFO [ 'RestServer start' ]
[10/22/2020, 4:33:16 AM] INFO [ 'Construct local machine training service.' ]
[10/22/2020, 4:33:16 AM] INFO [ 'RestServer base port is 8111' ]
[10/22/2020, 4:33:16 AM] INFO [ 'Rest server listening on: http://0.0.0.0:8111' ]
[10/22/2020, 4:33:17 AM] DEBUG [ 'GET: /check-status: body:\n{}' ]
[10/22/2020, 4:33:17 AM] DEBUG [ 'PUT: /experiment/cluster-metadata: body:\n{\n    "local_config": {\n        "gpuIndices": "0,1"\n    }\n}' ]
[10/22/2020, 4:33:17 AM] INFO [ 'NNIManager setClusterMetadata, key: local_config, value: {"gpuIndices":"0,1"}' ]
[10/22/2020, 4:33:17 AM] INFO [ 'Specified GPU indices: 0,1' ]
[10/22/2020, 4:33:17 AM] DEBUG [ 'PUT: /experiment/cluster-metadata: body:\n{\n    "trial_config": {\n        "command": "python wrap_program_mbart.py",\n        "codeDir": "/research/d3/zmwu/model/mbart/.",\n        "gpuNum": 2\n    }\n}' ]
[10/22/2020, 4:33:17 AM] INFO [ 'NNIManager setClusterMetadata, key: trial_config, value: {"command":"python wrap_program_mbart.py","codeDir":"/research/d3/zmwu/model/mbart/.","gpuNum":2}' ]
[10/22/2020, 4:33:17 AM] INFO [ 'required GPU number is 2' ]
[10/22/2020, 4:33:17 AM] DEBUG [ 'POST: /experiment: body:\n{\n    "authorName": "lscm",\n    "experimentName": "MBART",\n    "trialConcurrency": 1,\n    "maxExecDuration": 144000,\n    "maxTrialNum": 9999,\n    "searchSpace": "{\\"dropout\\": {\\"_type\\": \\"choice\\", \\"_value\\": [0.0, 0.1, 0.2, 0.3]}, \\"label_smooth\\": {\\"_type\\": \\"choice\\", \\"_value\\": [0.1, 0.2, 0.3]}, \\"lr\\": {\\"_type\\": \\"choice\\", \\"_value\\": [1e-05, 2e-05, 3e-05, 4e-05, 5e-05, 6e-05]}, \\"lr_scheduler\\": {\\"_type\\": \\"choice\\", \\"_value\\": [\\"inverse_sqrt\\", \\"polynomial_decay\\"]}, \\"warmup_update\\": {\\"_type\\": \\"choice\\", \\"_value\\": [2500, 3000, 3500, 4000, 4500, 5000]}, \\"optimizer\\": {\\"_type\\": \\"choice\\", \\"_value\\": [\\"adagrad\\", \\"adam\\"]}, \\"inter_op_parallelism_threads\\": {\\"_type\\": \\"choice\\", \\"_value\\": [1, 2, 3, 4]}, \\"intra_op_parallelism_threads\\": {\\"_type\\": \\"choice\\", \\"_value\\": [2, 4, 6, 8, 10, 12]}, \\"benchmark\\": {\\"_type\\": \\"choice\\", \\"_value\\": [0, 1]}, \\"allow_tf32\\": {\\"_type\\": \\"choice\\", \\"_value\\": [0, 1]}}",\n    "trainingServicePlatform": "local",\n    "tuner": {\n        "builtinTunerName": "CUHKPrototypeTuner"\n    },\n    "versionCheck": false,\n    "clusterMetaData": [\n        {\n            "key": "codeDir",\n            "value": "/research/d3/zmwu/model/mbart/."\n        },\n        {\n            "key": "command",\n            "value": "python wrap_program_mbart.py"\n        }\n    ]\n}' ]
[10/22/2020, 4:33:17 AM] INFO [ 'Starting experiment: URXVaqBb' ]
[10/22/2020, 4:33:17 AM] DEBUG [ 'Setup tuner...' ]
[10/22/2020, 4:33:17 AM] DEBUG [ 'dispatcher command: python3 -m nni --exp_params eyJhdXRob3JOYW1lIjoibHNjbSIsImV4cGVyaW1lbnROYW1lIjoiTUJBUlQiLCJ0cmlhbENvbmN1cnJlbmN5IjoxLCJtYXhFeGVjRHVyYXRpb24iOjE0NDAwMCwibWF4VHJpYWxOdW0iOjk5OTksInRyYWluaW5nU2VydmljZVBsYXRmb3JtIjoibG9jYWwiLCJ0dW5lciI6eyJidWlsdGluVHVuZXJOYW1lIjoiQ1VIS1Byb3RvdHlwZVR1bmVyIn0sInZlcnNpb25DaGVjayI6ZmFsc2UsImNsdXN0ZXJNZXRhRGF0YSI6W3sia2V5IjoiY29kZURpciIsInZhbHVlIjoiL3Jlc2VhcmNoL2QzL3ptd3UvbW9kZWwvbWJhcnQvLiJ9LHsia2V5IjoiY29tbWFuZCIsInZhbHVlIjoicHl0aG9uIHdyYXBfcHJvZ3JhbV9tYmFydC5weSJ9XX0=' ]
[10/22/2020, 4:33:17 AM] INFO [ 'Change NNIManager status from: INITIALIZED to: RUNNING' ]
[10/22/2020, 4:33:17 AM] INFO [ 'Add event listeners' ]
[10/22/2020, 4:33:17 AM] DEBUG [ 'Send tuner command: INITIALIZE: {"dropout": {"_type": "choice", "_value": [0.0, 0.1, 0.2, 0.3]}, "label_smooth": {"_type": "choice", "_value": [0.1, 0.2, 0.3]}, "lr": {"_type": "choice", "_value": [1e-05, 2e-05, 3e-05, 4e-05, 5e-05, 6e-05]}, "lr_scheduler": {"_type": "choice", "_value": ["inverse_sqrt", "polynomial_decay"]}, "warmup_update": {"_type": "choice", "_value": [2500, 3000, 3500, 4000, 4500, 5000]}, "optimizer": {"_type": "choice", "_value": ["adagrad", "adam"]}, "inter_op_parallelism_threads": {"_type": "choice", "_value": [1, 2, 3, 4]}, "intra_op_parallelism_threads": {"_type": "choice", "_value": [2, 4, 6, 8, 10, 12]}, "benchmark": {"_type": "choice", "_value": [0, 1]}, "allow_tf32": {"_type": "choice", "_value": [0, 1]}}' ]
[10/22/2020, 4:33:17 AM] DEBUG [ 'ipcInterface command type: [IN], content:[{"dropout": {"_type": "choice", "_value": [0.0, 0.1, 0.2, 0.3]}, "label_smooth": {"_type": "choice", "_value": [0.1, 0.2, 0.3]}, "lr": {"_type": "choice", "_value": [1e-05, 2e-05, 3e-05, 4e-05, 5e-05, 6e-05]}, "lr_scheduler": {"_type": "choice", "_value": ["inverse_sqrt", "polynomial_decay"]}, "warmup_update": {"_type": "choice", "_value": [2500, 3000, 3500, 4000, 4500, 5000]}, "optimizer": {"_type": "choice", "_value": ["adagrad", "adam"]}, "inter_op_parallelism_threads": {"_type": "choice", "_value": [1, 2, 3, 4]}, "intra_op_parallelism_threads": {"_type": "choice", "_value": [2, 4, 6, 8, 10, 12]}, "benchmark": {"_type": "choice", "_value": [0, 1]}, "allow_tf32": {"_type": "choice", "_value": [0, 1]}}]' ]
[10/22/2020, 4:33:17 AM] DEBUG [ 'ipcInterface command type: [PI], content:[]' ]
[10/22/2020, 4:33:17 AM] INFO [ 'Run local machine training service.' ]
[10/22/2020, 4:33:17 AM] WARNING [ 'gpu_metrics file does not exist!' ]
[10/22/2020, 4:33:19 AM] INFO [ 'NNIManager received command from dispatcher: ID, ' ]
[10/22/2020, 4:33:19 AM] DEBUG [ 'ipcInterface command type: [GE], content:[1]' ]
[10/22/2020, 4:33:19 AM] INFO [ 'NNIManager received command from dispatcher: TR, {"parameter_id": 0, "parameter_source": "algorithm", "parameters": {"dropout": 0.2, "label_smooth": 0.3, "lr": 1e-05, "lr_scheduler": "inverse_sqrt", "warmup_update": 5000, "optimizer": "adam", "inter_op_parallelism_threads": 3, "intra_op_parallelism_threads": 10, "benchmark": 0, "allow_tf32": 0}, "parameter_index": 0}' ]
[10/22/2020, 4:33:20 AM] DEBUG [ 'GET: /experiment: body:\n{}' ]
[10/22/2020, 4:33:20 AM] DEBUG [ 'GET: /metric-data: body:\n{}' ]
[10/22/2020, 4:33:20 AM] DEBUG [ 'GET: /trial-jobs: body:\n{}' ]
[10/22/2020, 4:33:20 AM] DEBUG [ 'getTrialJobsByReplayEvents begin' ]
[10/22/2020, 4:33:20 AM] DEBUG [ 'getTrialJobsByReplayEvents done' ]
[10/22/2020, 4:33:20 AM] DEBUG [ 'GET: /check-status: body:\n{}' ]
[10/22/2020, 4:33:20 AM] DEBUG [ 'GET: /metric-data: body:\n{}' ]
[10/22/2020, 4:33:20 AM] DEBUG [ 'GET: /trial-jobs: body:\n{}' ]
[10/22/2020, 4:33:20 AM] DEBUG [ 'getTrialJobsByReplayEvents begin' ]
[10/22/2020, 4:33:20 AM] DEBUG [ 'getTrialJobsByReplayEvents done' ]
[10/22/2020, 4:33:20 AM] DEBUG [ 'GET: /version: body:\n{}' ]
[10/22/2020, 4:33:21 AM] DEBUG [ 'GET: /experiment: body:\n{}' ]
[10/22/2020, 4:33:21 AM] DEBUG [ 'GET: /trial-jobs: body:\n{}' ]
[10/22/2020, 4:33:21 AM] DEBUG [ 'GET: /metric-data: body:\n{}' ]
[10/22/2020, 4:33:21 AM] DEBUG [ 'getTrialJobsByReplayEvents begin' ]
[10/22/2020, 4:33:21 AM] DEBUG [ 'getTrialJobsByReplayEvents done' ]
[10/22/2020, 4:33:21 AM] DEBUG [ 'GET: /check-status: body:\n{}' ]
[10/22/2020, 4:33:22 AM] DEBUG [ 'ipcInterface command type: [PI], content:[]' ]
[10/22/2020, 4:33:22 AM] INFO [ 'submitTrialJob: form: {"sequenceId":0,"hyperParameters":{"value":"{\\"parameter_id\\": 0, \\"parameter_source\\": \\"algorithm\\", \\"parameters\\": {\\"dropout\\": 0.2, \\"label_smooth\\": 0.3, \\"lr\\": 1e-05, \\"lr_scheduler\\": \\"inverse_sqrt\\", \\"warmup_update\\": 5000, \\"optimizer\\": \\"adam\\", \\"inter_op_parallelism_threads\\": 3, \\"intra_op_parallelism_threads\\": 10, \\"benchmark\\": 0, \\"allow_tf32\\": 0}, \\"parameter_index\\": 0}","index":0}}' ]
[10/22/2020, 4:33:22 AM] DEBUG [ 'submitTrialJob: return: {"id":"CuqEz","status":"WAITING","submitTime":1603312402429,"workingDirectory":"/uac/rshr/zmwu/nni-experiments/URXVaqBb/trials/CuqEz","form":{"sequenceId":0,"hyperParameters":{"value":"{\\"parameter_id\\": 0, \\"parameter_source\\": \\"algorithm\\", \\"parameters\\": {\\"dropout\\": 0.2, \\"label_smooth\\": 0.3, \\"lr\\": 1e-05, \\"lr_scheduler\\": \\"inverse_sqrt\\", \\"warmup_update\\": 5000, \\"optimizer\\": \\"adam\\", \\"inter_op_parallelism_threads\\": 3, \\"intra_op_parallelism_threads\\": 10, \\"benchmark\\": 0, \\"allow_tf32\\": 0}, \\"parameter_index\\": 0}","index":0}},"url":"file://localhost:/uac/rshr/zmwu/nni-experiments/URXVaqBb/trials/CuqEz","gpuIndices":[]} ' ]
[10/22/2020, 4:33:22 AM] DEBUG [ 'storeTrialJobEvent: event: WAITING, data: {"parameter_id": 0, "parameter_source": "algorithm", "parameters": {"dropout": 0.2, "label_smooth": 0.3, "lr": 1e-05, "lr_scheduler": "inverse_sqrt", "warmup_update": 5000, "optimizer": "adam", "inter_op_parallelism_threads": 3, "intra_op_parallelism_threads": 10, "benchmark": 0, "allow_tf32": 0}, "parameter_index": 0}, jobDetail: {"id":"CuqEz","status":"WAITING","submitTime":1603312402429,"workingDirectory":"/uac/rshr/zmwu/nni-experiments/URXVaqBb/trials/CuqEz","form":{"sequenceId":0,"hyperParameters":{"value":"{\\"parameter_id\\": 0, \\"parameter_source\\": \\"algorithm\\", \\"parameters\\": {\\"dropout\\": 0.2, \\"label_smooth\\": 0.3, \\"lr\\": 1e-05, \\"lr_scheduler\\": \\"inverse_sqrt\\", \\"warmup_update\\": 5000, \\"optimizer\\": \\"adam\\", \\"inter_op_parallelism_threads\\": 3, \\"intra_op_parallelism_threads\\": 10, \\"benchmark\\": 0, \\"allow_tf32\\": 0}, \\"parameter_index\\": 0}","index":0}},"url":"file://localhost:/uac/rshr/zmwu/nni-experiments/URXVaqBb/trials/CuqEz","gpuIndices":[]}' ]
[10/22/2020, 4:33:27 AM] DEBUG [ 'ipcInterface command type: [PI], content:[]' ]
[10/22/2020, 4:33:32 AM] DEBUG [ 'GET: /experiment: body:\n{}' ]
[10/22/2020, 4:33:32 AM] DEBUG [ 'GET: /trial-jobs: body:\n{}' ]
[10/22/2020, 4:33:32 AM] DEBUG [ 'GET: /metric-data: body:\n{}' ]
[10/22/2020, 4:33:32 AM] DEBUG [ 'getTrialJobsByReplayEvents begin' ]
[10/22/2020, 4:33:32 AM] DEBUG [ 'getTrialJobsByReplayEvents done' ]
[10/22/2020, 4:33:32 AM] DEBUG [ 'GET: /check-status: body:\n{}' ]
[10/22/2020, 4:33:32 AM] DEBUG [ 'ipcInterface command type: [PI], content:[]' ]
[10/22/2020, 4:33:32 AM] INFO [ 'Trial job CuqEz status changed from WAITING to RUNNING' ]
[10/22/2020, 4:33:32 AM] DEBUG [ 'storeTrialJobEvent: event: RUNNING, data: undefined, jobDetail: {"id":"CuqEz","status":"RUNNING","submitTime":1603312402429,"workingDirectory":"/uac/rshr/zmwu/nni-experiments/URXVaqBb/trials/CuqEz","form":{"sequenceId":0,"hyperParameters":{"value":"{\\"parameter_id\\": 0, \\"parameter_source\\": \\"algorithm\\", \\"parameters\\": {\\"dropout\\": 0.2, \\"label_smooth\\": 0.3, \\"lr\\": 1e-05, \\"lr_scheduler\\": \\"inverse_sqrt\\", \\"warmup_update\\": 5000, \\"optimizer\\": \\"adam\\", \\"inter_op_parallelism_threads\\": 3, \\"intra_op_parallelism_threads\\": 10, \\"benchmark\\": 0, \\"allow_tf32\\": 0}, \\"parameter_index\\": 0}","index":0}},"url":"file://localhost:/uac/rshr/zmwu/nni-experiments/URXVaqBb/trials/CuqEz","gpuIndices":[0,1],"startTime":1603312407549,"pid":180202}' ]
[10/22/2020, 4:33:37 AM] DEBUG [ 'ipcInterface command type: [PI], content:[]' ]
[10/22/2020, 4:33:42 AM] DEBUG [ 'GET: /metric-data: body:\n{}' ]
[10/22/2020, 4:33:42 AM] DEBUG [ 'GET: /experiment: body:\n{}' ]
[10/22/2020, 4:33:42 AM] DEBUG [ 'GET: /trial-jobs: body:\n{}' ]
[10/22/2020, 4:33:42 AM] DEBUG [ 'getTrialJobsByReplayEvents begin' ]
[10/22/2020, 4:33:42 AM] DEBUG [ 'getTrialJobsByReplayEvents done' ]
[10/22/2020, 4:33:42 AM] DEBUG [ 'GET: /check-status: body:\n{}' ]
[10/22/2020, 4:33:42 AM] DEBUG [ 'ipcInterface command type: [PI], content:[]' ]
[10/22/2020, 4:33:47 AM] DEBUG [ 'ipcInterface command type: [PI], content:[]' ]
[10/22/2020, 4:33:52 AM] DEBUG [ 'ipcInterface command type: [PI], content:[]' ]
[10/22/2020, 4:33:52 AM] DEBUG [ 'GET: /experiment: body:\n{}' ]
[10/22/2020, 4:33:52 AM] DEBUG [ 'GET: /trial-jobs: body:\n{}' ]
[10/22/2020, 4:33:52 AM] DEBUG [ 'GET: /metric-data: body:\n{}' ]
[10/22/2020, 4:33:52 AM] DEBUG [ 'getTrialJobsByReplayEvents begin' ]
[10/22/2020, 4:33:52 AM] DEBUG [ 'getTrialJobsByReplayEvents done' ]
[10/22/2020, 4:33:52 AM] DEBUG [ 'GET: /check-status: body:\n{}' ]
[10/22/2020, 4:33:57 AM] DEBUG [ 'ipcInterface command type: [PI], content:[]' ]
[10/22/2020, 4:34:02 AM] DEBUG [ 'ipcInterface command type: [PI], content:[]' ]
[10/22/2020, 4:34:02 AM] DEBUG [ 'GET: /metric-data: body:\n{}' ]
[10/22/2020, 4:34:02 AM] DEBUG [ 'GET: /experiment: body:\n{}' ]
[10/22/2020, 4:34:02 AM] DEBUG [ 'GET: /trial-jobs: body:\n{}' ]
[10/22/2020, 4:34:02 AM] DEBUG [ 'getTrialJobsByReplayEvents begin' ]
[10/22/2020, 4:34:02 AM] DEBUG [ 'getTrialJobsByReplayEvents done' ]
[10/22/2020, 4:34:02 AM] DEBUG [ 'GET: /check-status: body:\n{}' ]
[10/22/2020, 4:34:07 AM] DEBUG [ 'ipcInterface command type: [PI], content:[]' ]
[10/22/2020, 4:34:12 AM] DEBUG [ 'ipcInterface command type: [PI], content:[]' ]
[10/22/2020, 4:34:13 AM] DEBUG [ 'GET: /experiment: body:\n{}' ]
[10/22/2020, 4:34:13 AM] DEBUG [ 'GET: /trial-jobs: body:\n{}' ]
[10/22/2020, 4:34:13 AM] DEBUG [ 'GET: /metric-data: body:\n{}' ]
[10/22/2020, 4:34:13 AM] DEBUG [ 'GET: /check-status: body:\n{}' ]
[10/22/2020, 4:34:13 AM] DEBUG [ 'getTrialJobsByReplayEvents begin' ]
[10/22/2020, 4:34:13 AM] DEBUG [ 'getTrialJobsByReplayEvents done' ]
[10/22/2020, 4:34:17 AM] DEBUG [ 'ipcInterface command type: [PI], content:[]' ]
[10/22/2020, 4:34:22 AM] DEBUG [ 'ipcInterface command type: [PI], content:[]' ]
[10/22/2020, 4:34:23 AM] DEBUG [ 'GET: /experiment: body:\n{}' ]
[10/22/2020, 4:34:23 AM] DEBUG [ 'GET: /trial-jobs: body:\n{}' ]
[10/22/2020, 4:34:23 AM] DEBUG [ 'getTrialJobsByReplayEvents begin' ]
[10/22/2020, 4:34:23 AM] DEBUG [ 'getTrialJobsByReplayEvents done' ]
[10/22/2020, 4:34:23 AM] DEBUG [ 'GET: /metric-data: body:\n{}' ]
[10/22/2020, 4:34:23 AM] DEBUG [ 'GET: /check-status: body:\n{}' ]
[10/22/2020, 4:34:27 AM] DEBUG [ 'ipcInterface command type: [PI], content:[]' ]
[10/22/2020, 4:34:32 AM] DEBUG [ 'ipcInterface command type: [PI], content:[]' ]
[10/22/2020, 4:34:33 AM] DEBUG [ 'GET: /experiment: body:\n{}' ]
[10/22/2020, 4:34:33 AM] DEBUG [ 'GET: /trial-jobs: body:\n{}' ]
[10/22/2020, 4:34:34 AM] DEBUG [ 'GET: /metric-data: body:\n{}' ]
[10/22/2020, 4:34:34 AM] DEBUG [ 'GET: /check-status: body:\n{}' ]
[10/22/2020, 4:34:37 AM] DEBUG [ 'ipcInterface command type: [PI], content:[]' ]
[10/22/2020, 4:34:40 AM] DEBUG [ 'getTrialJobsByReplayEvents begin' ]
[10/22/2020, 4:34:40 AM] DEBUG [ 'getTrialJobsByReplayEvents done' ]
[10/22/2020, 4:34:42 AM] DEBUG [ 'ipcInterface command type: [PI], content:[]' ]
[10/22/2020, 4:34:47 AM] DEBUG [ 'ipcInterface command type: [PI], content:[]' ]
[10/22/2020, 4:34:50 AM] DEBUG [ 'GET: /experiment: body:\n{}' ]
[10/22/2020, 4:34:50 AM] DEBUG [ 'GET: /trial-jobs: body:\n{}' ]
[10/22/2020, 4:34:50 AM] DEBUG [ 'GET: /metric-data: body:\n{}' ]
[10/22/2020, 4:34:50 AM] DEBUG [ 'GET: /check-status: body:\n{}' ]
[10/22/2020, 4:34:51 AM] DEBUG [ 'getTrialJobsByReplayEvents begin' ]
[10/22/2020, 4:34:51 AM] DEBUG [ 'getTrialJobsByReplayEvents done' ]
[10/22/2020, 4:34:52 AM] DEBUG [ 'ipcInterface command type: [PI], content:[]' ]
[10/22/2020, 4:34:57 AM] DEBUG [ 'ipcInterface command type: [PI], content:[]' ]
[10/22/2020, 4:35:02 AM] DEBUG [ 'GET: /experiment: body:\n{}' ]
[10/22/2020, 4:35:02 AM] DEBUG [ 'GET: /metric-data: body:\n{}' ]
[10/22/2020, 4:35:02 AM] DEBUG [ 'GET: /trial-jobs: body:\n{}' ]
[10/22/2020, 4:35:02 AM] DEBUG [ 'GET: /check-status: body:\n{}' ]
[10/22/2020, 4:35:04 AM] DEBUG [ 'ipcInterface command type: [PI], content:[]' ]
[10/22/2020, 4:35:05 AM] DEBUG [ 'getTrialJobsByReplayEvents begin' ]
[10/22/2020, 4:35:05 AM] DEBUG [ 'getTrialJobsByReplayEvents done' ]
[10/22/2020, 4:35:09 AM] DEBUG [ 'ipcInterface command type: [PI], content:[]' ]
[10/22/2020, 4:35:14 AM] DEBUG [ 'ipcInterface command type: [PI], content:[]' ]
[10/22/2020, 4:35:15 AM] DEBUG [ 'GET: /experiment: body:\n{}' ]
[10/22/2020, 4:35:15 AM] DEBUG [ 'GET: /trial-jobs: body:\n{}' ]
[10/22/2020, 4:35:15 AM] DEBUG [ 'GET: /metric-data: body:\n{}' ]
[10/22/2020, 4:35:15 AM] DEBUG [ 'getTrialJobsByReplayEvents begin' ]
[10/22/2020, 4:35:15 AM] DEBUG [ 'getTrialJobsByReplayEvents done' ]
[10/22/2020, 4:35:15 AM] DEBUG [ 'GET: /check-status: body:\n{}' ]
[10/22/2020, 4:35:19 AM] DEBUG [ 'ipcInterface command type: [PI], content:[]' ]
[10/22/2020, 4:35:24 AM] DEBUG [ 'ipcInterface command type: [PI], content:[]' ]
[10/22/2020, 4:35:26 AM] DEBUG [ 'GET: /trial-jobs: body:\n{}' ]
[10/22/2020, 4:35:26 AM] DEBUG [ 'GET: /experiment: body:\n{}' ]
[10/22/2020, 4:35:26 AM] DEBUG [ 'GET: /metric-data: body:\n{}' ]
[10/22/2020, 4:35:26 AM] DEBUG [ 'GET: /check-status: body:\n{}' ]
[10/22/2020, 4:35:26 AM] DEBUG [ 'getTrialJobsByReplayEvents begin' ]
[10/22/2020, 4:35:26 AM] DEBUG [ 'getTrialJobsByReplayEvents done' ]
[10/22/2020, 4:35:29 AM] DEBUG [ 'ipcInterface command type: [PI], content:[]' ]
[10/22/2020, 4:35:34 AM] DEBUG [ 'ipcInterface command type: [PI], content:[]' ]
[10/22/2020, 4:35:36 AM] DEBUG [ 'GET: /experiment: body:\n{}' ]
[10/22/2020, 4:35:36 AM] DEBUG [ 'GET: /trial-jobs: body:\n{}' ]
[10/22/2020, 4:35:36 AM] DEBUG [ 'GET: /metric-data: body:\n{}' ]
[10/22/2020, 4:35:36 AM] DEBUG [ 'getTrialJobsByReplayEvents begin' ]
[10/22/2020, 4:35:36 AM] DEBUG [ 'getTrialJobsByReplayEvents done' ]
[10/22/2020, 4:35:36 AM] DEBUG [ 'GET: /check-status: body:\n{}' ]
[10/22/2020, 4:35:39 AM] DEBUG [ 'ipcInterface command type: [PI], content:[]' ]
[10/22/2020, 4:35:44 AM] DEBUG [ 'ipcInterface command type: [PI], content:[]' ]
[10/22/2020, 4:35:46 AM] DEBUG [ 'NNIManager received trial job metrics: [object Object]' ]
[10/22/2020, 4:35:46 AM] DEBUG [ 'Sending metrics, job id: CuqEz, metrics: {"parameter_id": 0, "trial_job_id": "CuqEz", "type": "FINAL", "sequence": 0, "value": "{\\"runtime\\": 0.031183738311131796, \\"default\\": 100.0, \\"maximize\\": [\\"default\\"]}"}\n' ]
[10/22/2020, 4:35:46 AM] DEBUG [ 'ipcInterface command type: [ME], content:[{"parameter_id": 0, "trial_job_id": "CuqEz", "type": "FINAL", "sequence": 0, "value": "{\\"runtime\\": 0.031183738311131796, \\"default\\": 100.0, \\"maximize\\": [\\"default\\"]}"}\n]' ]
[10/22/2020, 4:35:46 AM] DEBUG [ 'GET: /experiment: body:\n{}' ]
[10/22/2020, 4:35:46 AM] DEBUG [ 'GET: /metric-data: body:\n{}' ]
[10/22/2020, 4:35:46 AM] DEBUG [ 'GET: /trial-jobs: body:\n{}' ]
[10/22/2020, 4:35:46 AM] DEBUG [ 'getTrialJobsByReplayEvents begin' ]
[10/22/2020, 4:35:46 AM] DEBUG [ 'getTrialJobsByReplayEvents done' ]
[10/22/2020, 4:35:46 AM] DEBUG [ 'GET: /check-status: body:\n{}' ]
[10/22/2020, 4:35:47 AM] DEBUG [ 'trialJob status update: CuqEz, SUCCEEDED' ]
[10/22/2020, 4:35:47 AM] INFO [ 'Trial job CuqEz status changed from RUNNING to SUCCEEDED' ]
[10/22/2020, 4:35:47 AM] DEBUG [ 'storeTrialJobEvent: event: SUCCEEDED, data: undefined, jobDetail: {"id":"CuqEz","status":"SUCCEEDED","submitTime":1603312402429,"workingDirectory":"/uac/rshr/zmwu/nni-experiments/URXVaqBb/trials/CuqEz","form":{"sequenceId":0,"hyperParameters":{"value":"{\\"parameter_id\\": 0, \\"parameter_source\\": \\"algorithm\\", \\"parameters\\": {\\"dropout\\": 0.2, \\"label_smooth\\": 0.3, \\"lr\\": 1e-05, \\"lr_scheduler\\": \\"inverse_sqrt\\", \\"warmup_update\\": 5000, \\"optimizer\\": \\"adam\\", \\"inter_op_parallelism_threads\\": 3, \\"intra_op_parallelism_threads\\": 10, \\"benchmark\\": 0, \\"allow_tf32\\": 0}, \\"parameter_index\\": 0}","index":0}},"url":"file://localhost:/uac/rshr/zmwu/nni-experiments/URXVaqBb/trials/CuqEz","gpuIndices":[0,1],"startTime":1603312407549,"pid":180202,"endTime":1603312546594}' ]
[10/22/2020, 4:35:47 AM] DEBUG [ 'ipcInterface command type: [EN], content:[{"trial_job_id":"CuqEz","event":"SUCCEEDED","hyper_params":"{\\"parameter_id\\": 0, \\"parameter_source\\": \\"algorithm\\", \\"parameters\\": {\\"dropout\\": 0.2, \\"label_smooth\\": 0.3, \\"lr\\": 1e-05, \\"lr_scheduler\\": \\"inverse_sqrt\\", \\"warmup_update\\": 5000, \\"optimizer\\": \\"adam\\", \\"inter_op_parallelism_threads\\": 3, \\"intra_op_parallelism_threads\\": 10, \\"benchmark\\": 0, \\"allow_tf32\\": 0}, \\"parameter_index\\": 0}"}]' ]
[10/22/2020, 4:35:47 AM] DEBUG [ 'ipcInterface command type: [GE], content:[1]' ]
[10/22/2020, 4:35:47 AM] INFO [ 'NNIManager received command from dispatcher: TR, {"parameter_id": 1, "parameter_source": "algorithm", "parameters": {"dropout": 0.2, "label_smooth": 0.2, "lr": 2e-05, "lr_scheduler": "inverse_sqrt", "warmup_update": 4000, "optimizer": "adagrad", "inter_op_parallelism_threads": 4, "intra_op_parallelism_threads": 4, "benchmark": 0, "allow_tf32": 0}, "parameter_index": 0}' ]
[10/22/2020, 4:35:49 AM] DEBUG [ 'ipcInterface command type: [PI], content:[]' ]
[10/22/2020, 4:35:52 AM] INFO [ 'submitTrialJob: form: {"sequenceId":1,"hyperParameters":{"value":"{\\"parameter_id\\": 1, \\"parameter_source\\": \\"algorithm\\", \\"parameters\\": {\\"dropout\\": 0.2, \\"label_smooth\\": 0.2, \\"lr\\": 2e-05, \\"lr_scheduler\\": \\"inverse_sqrt\\", \\"warmup_update\\": 4000, \\"optimizer\\": \\"adagrad\\", \\"inter_op_parallelism_threads\\": 4, \\"intra_op_parallelism_threads\\": 4, \\"benchmark\\": 0, \\"allow_tf32\\": 0}, \\"parameter_index\\": 0}","index":0}}' ]
[10/22/2020, 4:35:52 AM] DEBUG [ 'submitTrialJob: return: {"id":"UWtKW","status":"WAITING","submitTime":1603312552781,"workingDirectory":"/uac/rshr/zmwu/nni-experiments/URXVaqBb/trials/UWtKW","form":{"sequenceId":1,"hyperParameters":{"value":"{\\"parameter_id\\": 1, \\"parameter_source\\": \\"algorithm\\", \\"parameters\\": {\\"dropout\\": 0.2, \\"label_smooth\\": 0.2, \\"lr\\": 2e-05, \\"lr_scheduler\\": \\"inverse_sqrt\\", \\"warmup_update\\": 4000, \\"optimizer\\": \\"adagrad\\", \\"inter_op_parallelism_threads\\": 4, \\"intra_op_parallelism_threads\\": 4, \\"benchmark\\": 0, \\"allow_tf32\\": 0}, \\"parameter_index\\": 0}","index":0}},"url":"file://localhost:/uac/rshr/zmwu/nni-experiments/URXVaqBb/trials/UWtKW","gpuIndices":[]} ' ]
[10/22/2020, 4:35:52 AM] DEBUG [ 'storeTrialJobEvent: event: WAITING, data: {"parameter_id": 1, "parameter_source": "algorithm", "parameters": {"dropout": 0.2, "label_smooth": 0.2, "lr": 2e-05, "lr_scheduler": "inverse_sqrt", "warmup_update": 4000, "optimizer": "adagrad", "inter_op_parallelism_threads": 4, "intra_op_parallelism_threads": 4, "benchmark": 0, "allow_tf32": 0}, "parameter_index": 0}, jobDetail: {"id":"UWtKW","status":"WAITING","submitTime":1603312552781,"workingDirectory":"/uac/rshr/zmwu/nni-experiments/URXVaqBb/trials/UWtKW","form":{"sequenceId":1,"hyperParameters":{"value":"{\\"parameter_id\\": 1, \\"parameter_source\\": \\"algorithm\\", \\"parameters\\": {\\"dropout\\": 0.2, \\"label_smooth\\": 0.2, \\"lr\\": 2e-05, \\"lr_scheduler\\": \\"inverse_sqrt\\", \\"warmup_update\\": 4000, \\"optimizer\\": \\"adagrad\\", \\"inter_op_parallelism_threads\\": 4, \\"intra_op_parallelism_threads\\": 4, \\"benchmark\\": 0, \\"allow_tf32\\": 0}, \\"parameter_index\\": 0}","index":0}},"url":"file://localhost:/uac/rshr/zmwu/nni-experiments/URXVaqBb/trials/UWtKW","gpuIndices":[]}' ]
[10/22/2020, 4:35:54 AM] DEBUG [ 'ipcInterface command type: [PI], content:[]' ]
[10/22/2020, 4:35:57 AM] DEBUG [ 'GET: /experiment: body:\n{}' ]
[10/22/2020, 4:35:57 AM] DEBUG [ 'GET: /trial-jobs: body:\n{}' ]
[10/22/2020, 4:35:57 AM] DEBUG [ 'GET: /metric-data: body:\n{}' ]
[10/22/2020, 4:35:57 AM] DEBUG [ 'getTrialJobsByReplayEvents begin' ]
[10/22/2020, 4:35:57 AM] DEBUG [ 'getTrialJobsByReplayEvents done' ]
[10/22/2020, 4:35:57 AM] DEBUG [ 'GET: /check-status: body:\n{}' ]
[10/22/2020, 4:35:57 AM] INFO [ 'Trial job UWtKW status changed from WAITING to RUNNING' ]
[10/22/2020, 4:35:57 AM] DEBUG [ 'storeTrialJobEvent: event: RUNNING, data: undefined, jobDetail: {"id":"UWtKW","status":"RUNNING","submitTime":1603312552781,"workingDirectory":"/uac/rshr/zmwu/nni-experiments/URXVaqBb/trials/UWtKW","form":{"sequenceId":1,"hyperParameters":{"value":"{\\"parameter_id\\": 1, \\"parameter_source\\": \\"algorithm\\", \\"parameters\\": {\\"dropout\\": 0.2, \\"label_smooth\\": 0.2, \\"lr\\": 2e-05, \\"lr_scheduler\\": \\"inverse_sqrt\\", \\"warmup_update\\": 4000, \\"optimizer\\": \\"adagrad\\", \\"inter_op_parallelism_threads\\": 4, \\"intra_op_parallelism_threads\\": 4, \\"benchmark\\": 0, \\"allow_tf32\\": 0}, \\"parameter_index\\": 0}","index":0}},"url":"file://localhost:/uac/rshr/zmwu/nni-experiments/URXVaqBb/trials/UWtKW","gpuIndices":[0,1],"startTime":1603312555009,"pid":180944}' ]
[10/22/2020, 4:35:59 AM] DEBUG [ 'ipcInterface command type: [PI], content:[]' ]
[10/22/2020, 4:36:04 AM] DEBUG [ 'ipcInterface command type: [PI], content:[]' ]
[10/22/2020, 4:36:07 AM] DEBUG [ 'GET: /metric-data: body:\n{}' ]
[10/22/2020, 4:36:07 AM] DEBUG [ 'GET: /experiment: body:\n{}' ]
[10/22/2020, 4:36:07 AM] DEBUG [ 'GET: /trial-jobs: body:\n{}' ]
[10/22/2020, 4:36:07 AM] DEBUG [ 'getTrialJobsByReplayEvents begin' ]
[10/22/2020, 4:36:07 AM] DEBUG [ 'getTrialJobsByReplayEvents done' ]
[10/22/2020, 4:36:07 AM] DEBUG [ 'GET: /check-status: body:\n{}' ]
[10/22/2020, 4:36:09 AM] DEBUG [ 'ipcInterface command type: [PI], content:[]' ]
[10/22/2020, 4:36:14 AM] DEBUG [ 'ipcInterface command type: [PI], content:[]' ]
[10/22/2020, 4:36:17 AM] DEBUG [ 'GET: /trial-jobs: body:\n{}' ]
[10/22/2020, 4:36:17 AM] DEBUG [ 'GET: /experiment: body:\n{}' ]
[10/22/2020, 4:36:17 AM] DEBUG [ 'GET: /metric-data: body:\n{}' ]
[10/22/2020, 4:36:17 AM] DEBUG [ 'getTrialJobsByReplayEvents begin' ]
[10/22/2020, 4:36:17 AM] DEBUG [ 'getTrialJobsByReplayEvents done' ]
[10/22/2020, 4:36:17 AM] DEBUG [ 'GET: /check-status: body:\n{}' ]
[10/22/2020, 4:36:19 AM] DEBUG [ 'ipcInterface command type: [PI], content:[]' ]
[10/22/2020, 4:36:24 AM] DEBUG [ 'ipcInterface command type: [PI], content:[]' ]
[10/22/2020, 4:36:27 AM] DEBUG [ 'GET: /metric-data: body:\n{}' ]
[10/22/2020, 4:36:27 AM] DEBUG [ 'GET: /experiment: body:\n{}' ]
[10/22/2020, 4:36:27 AM] DEBUG [ 'GET: /trial-jobs: body:\n{}' ]
[10/22/2020, 4:36:27 AM] DEBUG [ 'getTrialJobsByReplayEvents begin' ]
[10/22/2020, 4:36:27 AM] DEBUG [ 'getTrialJobsByReplayEvents done' ]
[10/22/2020, 4:36:27 AM] DEBUG [ 'GET: /check-status: body:\n{}' ]
[10/22/2020, 4:36:29 AM] DEBUG [ 'ipcInterface command type: [PI], content:[]' ]
[10/22/2020, 4:36:34 AM] DEBUG [ 'ipcInterface command type: [PI], content:[]' ]
[10/22/2020, 4:36:38 AM] DEBUG [ 'GET: /experiment: body:\n{}' ]
[10/22/2020, 4:36:38 AM] DEBUG [ 'GET: /trial-jobs: body:\n{}' ]
[10/22/2020, 4:36:38 AM] DEBUG [ 'GET: /metric-data: body:\n{}' ]
[10/22/2020, 4:36:38 AM] DEBUG [ 'GET: /check-status: body:\n{}' ]
[10/22/2020, 4:36:38 AM] DEBUG [ 'getTrialJobsByReplayEvents begin' ]
[10/22/2020, 4:36:38 AM] DEBUG [ 'getTrialJobsByReplayEvents done' ]
[10/22/2020, 4:36:39 AM] DEBUG [ 'ipcInterface command type: [PI], content:[]' ]
[10/22/2020, 4:36:46 AM] DEBUG [ 'ipcInterface command type: [PI], content:[]' ]
[10/22/2020, 4:36:49 AM] DEBUG [ 'GET: /trial-jobs: body:\n{}' ]
[10/22/2020, 4:36:49 AM] DEBUG [ 'GET: /metric-data: body:\n{}' ]
[10/22/2020, 4:36:49 AM] DEBUG [ 'GET: /experiment: body:\n{}' ]
[10/22/2020, 4:36:49 AM] DEBUG [ 'getTrialJobsByReplayEvents begin' ]
[10/22/2020, 4:36:49 AM] DEBUG [ 'getTrialJobsByReplayEvents done' ]
[10/22/2020, 4:36:49 AM] DEBUG [ 'GET: /check-status: body:\n{}' ]
[10/22/2020, 4:36:51 AM] DEBUG [ 'ipcInterface command type: [PI], content:[]' ]
[10/22/2020, 4:36:56 AM] DEBUG [ 'ipcInterface command type: [PI], content:[]' ]
[10/22/2020, 4:37:00 AM] DEBUG [ 'GET: /trial-jobs: body:\n{}' ]
[10/22/2020, 4:37:00 AM] DEBUG [ 'GET: /experiment: body:\n{}' ]
[10/22/2020, 4:37:00 AM] DEBUG [ 'GET: /metric-data: body:\n{}' ]
[10/22/2020, 4:37:00 AM] DEBUG [ 'GET: /check-status: body:\n{}' ]
[10/22/2020, 4:37:00 AM] DEBUG [ 'getTrialJobsByReplayEvents begin' ]
[10/22/2020, 4:37:00 AM] DEBUG [ 'getTrialJobsByReplayEvents done' ]
[10/22/2020, 4:37:01 AM] DEBUG [ 'ipcInterface command type: [PI], content:[]' ]
[10/22/2020, 4:37:06 AM] DEBUG [ 'ipcInterface command type: [PI], content:[]' ]
[10/22/2020, 4:37:17 AM] DEBUG [ 'ipcInterface command type: [PI], content:[]' ]
[10/22/2020, 4:37:17 AM] DEBUG [ 'GET: /experiment: body:\n{}' ]
[10/22/2020, 4:37:17 AM] DEBUG [ 'GET: /trial-jobs: body:\n{}' ]
[10/22/2020, 4:37:17 AM] DEBUG [ 'GET: /metric-data: body:\n{}' ]
[10/22/2020, 4:37:17 AM] DEBUG [ 'GET: /check-status: body:\n{}' ]
[10/22/2020, 4:37:21 AM] DEBUG [ 'getTrialJobsByReplayEvents begin' ]
[10/22/2020, 4:37:21 AM] DEBUG [ 'getTrialJobsByReplayEvents done' ]
[10/22/2020, 4:37:22 AM] DEBUG [ 'ipcInterface command type: [PI], content:[]' ]
[10/22/2020, 4:37:27 AM] DEBUG [ 'ipcInterface command type: [PI], content:[]' ]
[10/22/2020, 4:37:31 AM] DEBUG [ 'GET: /trial-jobs: body:\n{}' ]
[10/22/2020, 4:37:31 AM] DEBUG [ 'GET: /metric-data: body:\n{}' ]
[10/22/2020, 4:37:31 AM] DEBUG [ 'GET: /experiment: body:\n{}' ]
[10/22/2020, 4:37:31 AM] DEBUG [ 'getTrialJobsByReplayEvents begin' ]
[10/22/2020, 4:37:31 AM] DEBUG [ 'getTrialJobsByReplayEvents done' ]
[10/22/2020, 4:37:31 AM] DEBUG [ 'GET: /check-status: body:\n{}' ]
[10/22/2020, 4:37:32 AM] DEBUG [ 'ipcInterface command type: [PI], content:[]' ]
[10/22/2020, 4:37:37 AM] DEBUG [ 'ipcInterface command type: [PI], content:[]' ]
[10/22/2020, 4:37:41 AM] DEBUG [ 'GET: /experiment: body:\n{}' ]
[10/22/2020, 4:37:41 AM] DEBUG [ 'GET: /trial-jobs: body:\n{}' ]
[10/22/2020, 4:37:41 AM] DEBUG [ 'GET: /metric-data: body:\n{}' ]
[10/22/2020, 4:37:41 AM] DEBUG [ 'getTrialJobsByReplayEvents begin' ]
[10/22/2020, 4:37:41 AM] DEBUG [ 'getTrialJobsByReplayEvents done' ]
[10/22/2020, 4:37:41 AM] DEBUG [ 'GET: /check-status: body:\n{}' ]
[10/22/2020, 4:37:42 AM] DEBUG [ 'ipcInterface command type: [PI], content:[]' ]
[10/22/2020, 4:37:45 AM] DEBUG [ 'NNIManager received trial job metrics: [object Object]' ]
[10/22/2020, 4:37:45 AM] DEBUG [ 'Sending metrics, job id: UWtKW, metrics: {"parameter_id": 1, "trial_job_id": "UWtKW", "type": "FINAL", "sequence": 0, "value": "{\\"runtime\\": 0.02389447271823883, \\"default\\": 100.0, \\"maximize\\": [\\"default\\"]}"}\n' ]
[10/22/2020, 4:37:45 AM] DEBUG [ 'ipcInterface command type: [ME], content:[{"parameter_id": 1, "trial_job_id": "UWtKW", "type": "FINAL", "sequence": 0, "value": "{\\"runtime\\": 0.02389447271823883, \\"default\\": 100.0, \\"maximize\\": [\\"default\\"]}"}\n]' ]
[10/22/2020, 4:37:47 AM] DEBUG [ 'ipcInterface command type: [PI], content:[]' ]
[10/22/2020, 4:37:47 AM] DEBUG [ 'trialJob status update: UWtKW, SUCCEEDED' ]
[10/22/2020, 4:37:47 AM] INFO [ 'Trial job UWtKW status changed from RUNNING to SUCCEEDED' ]
[10/22/2020, 4:37:47 AM] DEBUG [ 'storeTrialJobEvent: event: SUCCEEDED, data: undefined, jobDetail: {"id":"UWtKW","status":"SUCCEEDED","submitTime":1603312552781,"workingDirectory":"/uac/rshr/zmwu/nni-experiments/URXVaqBb/trials/UWtKW","form":{"sequenceId":1,"hyperParameters":{"value":"{\\"parameter_id\\": 1, \\"parameter_source\\": \\"algorithm\\", \\"parameters\\": {\\"dropout\\": 0.2, \\"label_smooth\\": 0.2, \\"lr\\": 2e-05, \\"lr_scheduler\\": \\"inverse_sqrt\\", \\"warmup_update\\": 4000, \\"optimizer\\": \\"adagrad\\", \\"inter_op_parallelism_threads\\": 4, \\"intra_op_parallelism_threads\\": 4, \\"benchmark\\": 0, \\"allow_tf32\\": 0}, \\"parameter_index\\": 0}","index":0}},"url":"file://localhost:/uac/rshr/zmwu/nni-experiments/URXVaqBb/trials/UWtKW","gpuIndices":[0,1],"startTime":1603312555009,"pid":180944,"endTime":1603312665698}' ]
[10/22/2020, 4:37:47 AM] DEBUG [ 'ipcInterface command type: [EN], content:[{"trial_job_id":"UWtKW","event":"SUCCEEDED","hyper_params":"{\\"parameter_id\\": 1, \\"parameter_source\\": \\"algorithm\\", \\"parameters\\": {\\"dropout\\": 0.2, \\"label_smooth\\": 0.2, \\"lr\\": 2e-05, \\"lr_scheduler\\": \\"inverse_sqrt\\", \\"warmup_update\\": 4000, \\"optimizer\\": \\"adagrad\\", \\"inter_op_parallelism_threads\\": 4, \\"intra_op_parallelism_threads\\": 4, \\"benchmark\\": 0, \\"allow_tf32\\": 0}, \\"parameter_index\\": 0}"}]' ]
[10/22/2020, 4:37:47 AM] DEBUG [ 'ipcInterface command type: [GE], content:[1]' ]
[10/22/2020, 4:37:49 AM] INFO [ 'NNIManager received command from dispatcher: TR, {"parameter_id": 2, "parameter_source": "algorithm", "parameters": {"dropout": 0.2, "label_smooth": 0.3, "lr": 1e-05, "lr_scheduler": "polynomial_decay", "warmup_update": 3000, "optimizer": "adagrad", "inter_op_parallelism_threads": 3, "intra_op_parallelism_threads": 8, "benchmark": 0, "allow_tf32": 0}, "parameter_index": 0}' ]
[10/22/2020, 4:37:51 AM] DEBUG [ 'GET: /experiment: body:\n{}' ]
[10/22/2020, 4:37:51 AM] DEBUG [ 'GET: /metric-data: body:\n{}' ]
[10/22/2020, 4:37:51 AM] DEBUG [ 'GET: /trial-jobs: body:\n{}' ]
[10/22/2020, 4:37:51 AM] DEBUG [ 'getTrialJobsByReplayEvents begin' ]
[10/22/2020, 4:37:51 AM] DEBUG [ 'getTrialJobsByReplayEvents done' ]
[10/22/2020, 4:37:51 AM] DEBUG [ 'GET: /check-status: body:\n{}' ]
[10/22/2020, 4:37:52 AM] DEBUG [ 'ipcInterface command type: [PI], content:[]' ]
[10/22/2020, 4:37:52 AM] INFO [ 'submitTrialJob: form: {"sequenceId":2,"hyperParameters":{"value":"{\\"parameter_id\\": 2, \\"parameter_source\\": \\"algorithm\\", \\"parameters\\": {\\"dropout\\": 0.2, \\"label_smooth\\": 0.3, \\"lr\\": 1e-05, \\"lr_scheduler\\": \\"polynomial_decay\\", \\"warmup_update\\": 3000, \\"optimizer\\": \\"adagrad\\", \\"inter_op_parallelism_threads\\": 3, \\"intra_op_parallelism_threads\\": 8, \\"benchmark\\": 0, \\"allow_tf32\\": 0}, \\"parameter_index\\": 0}","index":0}}' ]
[10/22/2020, 4:37:52 AM] DEBUG [ 'submitTrialJob: return: {"id":"wQBOj","status":"WAITING","submitTime":1603312672246,"workingDirectory":"/uac/rshr/zmwu/nni-experiments/URXVaqBb/trials/wQBOj","form":{"sequenceId":2,"hyperParameters":{"value":"{\\"parameter_id\\": 2, \\"parameter_source\\": \\"algorithm\\", \\"parameters\\": {\\"dropout\\": 0.2, \\"label_smooth\\": 0.3, \\"lr\\": 1e-05, \\"lr_scheduler\\": \\"polynomial_decay\\", \\"warmup_update\\": 3000, \\"optimizer\\": \\"adagrad\\", \\"inter_op_parallelism_threads\\": 3, \\"intra_op_parallelism_threads\\": 8, \\"benchmark\\": 0, \\"allow_tf32\\": 0}, \\"parameter_index\\": 0}","index":0}},"url":"file://localhost:/uac/rshr/zmwu/nni-experiments/URXVaqBb/trials/wQBOj","gpuIndices":[]} ' ]
[10/22/2020, 4:37:52 AM] DEBUG [ 'storeTrialJobEvent: event: WAITING, data: {"parameter_id": 2, "parameter_source": "algorithm", "parameters": {"dropout": 0.2, "label_smooth": 0.3, "lr": 1e-05, "lr_scheduler": "polynomial_decay", "warmup_update": 3000, "optimizer": "adagrad", "inter_op_parallelism_threads": 3, "intra_op_parallelism_threads": 8, "benchmark": 0, "allow_tf32": 0}, "parameter_index": 0}, jobDetail: {"id":"wQBOj","status":"WAITING","submitTime":1603312672246,"workingDirectory":"/uac/rshr/zmwu/nni-experiments/URXVaqBb/trials/wQBOj","form":{"sequenceId":2,"hyperParameters":{"value":"{\\"parameter_id\\": 2, \\"parameter_source\\": \\"algorithm\\", \\"parameters\\": {\\"dropout\\": 0.2, \\"label_smooth\\": 0.3, \\"lr\\": 1e-05, \\"lr_scheduler\\": \\"polynomial_decay\\", \\"warmup_update\\": 3000, \\"optimizer\\": \\"adagrad\\", \\"inter_op_parallelism_threads\\": 3, \\"intra_op_parallelism_threads\\": 8, \\"benchmark\\": 0, \\"allow_tf32\\": 0}, \\"parameter_index\\": 0}","index":0}},"url":"file://localhost:/uac/rshr/zmwu/nni-experiments/URXVaqBb/trials/wQBOj","gpuIndices":[]}' ]
[10/22/2020, 4:37:57 AM] DEBUG [ 'ipcInterface command type: [PI], content:[]' ]
[10/22/2020, 4:37:57 AM] INFO [ 'Trial job wQBOj status changed from WAITING to RUNNING' ]
[10/22/2020, 4:37:57 AM] DEBUG [ 'storeTrialJobEvent: event: RUNNING, data: undefined, jobDetail: {"id":"wQBOj","status":"RUNNING","submitTime":1603312672246,"workingDirectory":"/uac/rshr/zmwu/nni-experiments/URXVaqBb/trials/wQBOj","form":{"sequenceId":2,"hyperParameters":{"value":"{\\"parameter_id\\": 2, \\"parameter_source\\": \\"algorithm\\", \\"parameters\\": {\\"dropout\\": 0.2, \\"label_smooth\\": 0.3, \\"lr\\": 1e-05, \\"lr_scheduler\\": \\"polynomial_decay\\", \\"warmup_update\\": 3000, \\"optimizer\\": \\"adagrad\\", \\"inter_op_parallelism_threads\\": 3, \\"intra_op_parallelism_threads\\": 8, \\"benchmark\\": 0, \\"allow_tf32\\": 0}, \\"parameter_index\\": 0}","index":0}},"url":"file://localhost:/uac/rshr/zmwu/nni-experiments/URXVaqBb/trials/wQBOj","gpuIndices":[0,1],"startTime":1603312677123,"pid":181605}' ]
[10/22/2020, 4:38:01 AM] DEBUG [ 'GET: /trial-jobs: body:\n{}' ]
[10/22/2020, 4:38:01 AM] DEBUG [ 'GET: /experiment: body:\n{}' ]
[10/22/2020, 4:38:01 AM] DEBUG [ 'GET: /metric-data: body:\n{}' ]
[10/22/2020, 4:38:01 AM] DEBUG [ 'getTrialJobsByReplayEvents begin' ]
[10/22/2020, 4:38:01 AM] DEBUG [ 'getTrialJobsByReplayEvents done' ]
[10/22/2020, 4:38:02 AM] DEBUG [ 'ipcInterface command type: [PI], content:[]' ]
[10/22/2020, 4:38:02 AM] DEBUG [ 'GET: /check-status: body:\n{}' ]
[10/22/2020, 4:38:07 AM] DEBUG [ 'ipcInterface command type: [PI], content:[]' ]
[10/22/2020, 4:38:12 AM] DEBUG [ 'ipcInterface command type: [PI], content:[]' ]
[10/22/2020, 4:38:12 AM] DEBUG [ 'GET: /experiment: body:\n{}' ]
[10/22/2020, 4:38:12 AM] DEBUG [ 'GET: /trial-jobs: body:\n{}' ]
[10/22/2020, 4:38:12 AM] DEBUG [ 'GET: /metric-data: body:\n{}' ]
[10/22/2020, 4:38:12 AM] DEBUG [ 'getTrialJobsByReplayEvents begin' ]
[10/22/2020, 4:38:12 AM] DEBUG [ 'getTrialJobsByReplayEvents done' ]
[10/22/2020, 4:38:12 AM] DEBUG [ 'GET: /check-status: body:\n{}' ]
[10/22/2020, 4:38:17 AM] DEBUG [ 'ipcInterface command type: [PI], content:[]' ]
[10/22/2020, 4:38:22 AM] DEBUG [ 'ipcInterface command type: [PI], content:[]' ]
[10/22/2020, 4:38:22 AM] DEBUG [ 'GET: /experiment: body:\n{}' ]
[10/22/2020, 4:38:22 AM] DEBUG [ 'GET: /trial-jobs: body:\n{}' ]
[10/22/2020, 4:38:22 AM] DEBUG [ 'GET: /metric-data: body:\n{}' ]
[10/22/2020, 4:38:22 AM] DEBUG [ 'getTrialJobsByReplayEvents begin' ]
[10/22/2020, 4:38:22 AM] DEBUG [ 'getTrialJobsByReplayEvents done' ]
[10/22/2020, 4:38:22 AM] DEBUG [ 'GET: /check-status: body:\n{}' ]
[10/22/2020, 4:38:27 AM] DEBUG [ 'ipcInterface command type: [PI], content:[]' ]
[10/22/2020, 4:38:32 AM] DEBUG [ 'ipcInterface command type: [PI], content:[]' ]
[10/22/2020, 4:38:32 AM] DEBUG [ 'GET: /experiment: body:\n{}' ]
[10/22/2020, 4:38:32 AM] DEBUG [ 'GET: /metric-data: body:\n{}' ]
[10/22/2020, 4:38:32 AM] DEBUG [ 'GET: /trial-jobs: body:\n{}' ]
[10/22/2020, 4:38:32 AM] DEBUG [ 'getTrialJobsByReplayEvents begin' ]
[10/22/2020, 4:38:32 AM] DEBUG [ 'getTrialJobsByReplayEvents done' ]
[10/22/2020, 4:38:32 AM] DEBUG [ 'GET: /check-status: body:\n{}' ]
[10/22/2020, 4:38:37 AM] DEBUG [ 'ipcInterface command type: [PI], content:[]' ]
[10/22/2020, 4:38:42 AM] DEBUG [ 'ipcInterface command type: [PI], content:[]' ]
[10/22/2020, 4:38:42 AM] DEBUG [ 'GET: /experiment: body:\n{}' ]
[10/22/2020, 4:38:42 AM] DEBUG [ 'GET: /metric-data: body:\n{}' ]
[10/22/2020, 4:38:42 AM] DEBUG [ 'GET: /trial-jobs: body:\n{}' ]
[10/22/2020, 4:38:42 AM] DEBUG [ 'getTrialJobsByReplayEvents begin' ]
[10/22/2020, 4:38:42 AM] DEBUG [ 'getTrialJobsByReplayEvents done' ]
[10/22/2020, 4:38:42 AM] DEBUG [ 'GET: /check-status: body:\n{}' ]
[10/22/2020, 4:38:47 AM] DEBUG [ 'ipcInterface command type: [PI], content:[]' ]
[10/22/2020, 4:38:52 AM] DEBUG [ 'ipcInterface command type: [PI], content:[]' ]
[10/22/2020, 4:38:53 AM] DEBUG [ 'GET: /experiment: body:\n{}' ]
[10/22/2020, 4:38:53 AM] DEBUG [ 'GET: /trial-jobs: body:\n{}' ]
[10/22/2020, 4:38:53 AM] DEBUG [ 'GET: /metric-data: body:\n{}' ]
[10/22/2020, 4:38:53 AM] DEBUG [ 'GET: /check-status: body:\n{}' ]
[10/22/2020, 4:38:57 AM] DEBUG [ 'ipcInterface command type: [PI], content:[]' ]
[10/22/2020, 4:38:58 AM] DEBUG [ 'getTrialJobsByReplayEvents begin' ]
[10/22/2020, 4:38:58 AM] DEBUG [ 'getTrialJobsByReplayEvents done' ]
[10/22/2020, 4:39:02 AM] DEBUG [ 'ipcInterface command type: [PI], content:[]' ]
[10/22/2020, 4:39:07 AM] DEBUG [ 'ipcInterface command type: [PI], content:[]' ]
[10/22/2020, 4:39:08 AM] DEBUG [ 'GET: /experiment: body:\n{}' ]
[10/22/2020, 4:39:08 AM] DEBUG [ 'GET: /trial-jobs: body:\n{}' ]
[10/22/2020, 4:39:08 AM] DEBUG [ 'GET: /metric-data: body:\n{}' ]
[10/22/2020, 4:39:08 AM] DEBUG [ 'GET: /check-status: body:\n{}' ]
[10/22/2020, 4:39:08 AM] DEBUG [ 'getTrialJobsByReplayEvents begin' ]
[10/22/2020, 4:39:08 AM] DEBUG [ 'getTrialJobsByReplayEvents done' ]
[10/22/2020, 4:39:12 AM] DEBUG [ 'ipcInterface command type: [PI], content:[]' ]
[10/22/2020, 4:39:17 AM] DEBUG [ 'ipcInterface command type: [PI], content:[]' ]
[10/22/2020, 4:39:19 AM] DEBUG [ 'GET: /experiment: body:\n{}' ]
[10/22/2020, 4:39:19 AM] DEBUG [ 'GET: /metric-data: body:\n{}' ]
[10/22/2020, 4:39:19 AM] DEBUG [ 'GET: /trial-jobs: body:\n{}' ]
[10/22/2020, 4:39:19 AM] DEBUG [ 'getTrialJobsByReplayEvents begin' ]
[10/22/2020, 4:39:19 AM] DEBUG [ 'getTrialJobsByReplayEvents done' ]
[10/22/2020, 4:39:19 AM] DEBUG [ 'GET: /check-status: body:\n{}' ]
[10/22/2020, 4:39:22 AM] DEBUG [ 'ipcInterface command type: [PI], content:[]' ]
[10/22/2020, 4:39:27 AM] DEBUG [ 'ipcInterface command type: [PI], content:[]' ]
[10/22/2020, 4:39:29 AM] DEBUG [ 'GET: /experiment: body:\n{}' ]
[10/22/2020, 4:39:29 AM] DEBUG [ 'GET: /trial-jobs: body:\n{}' ]
[10/22/2020, 4:39:29 AM] DEBUG [ 'GET: /metric-data: body:\n{}' ]
[10/22/2020, 4:39:29 AM] DEBUG [ 'getTrialJobsByReplayEvents begin' ]
[10/22/2020, 4:39:29 AM] DEBUG [ 'getTrialJobsByReplayEvents done' ]
[10/22/2020, 4:39:29 AM] DEBUG [ 'GET: /check-status: body:\n{}' ]
[10/22/2020, 4:39:32 AM] DEBUG [ 'ipcInterface command type: [PI], content:[]' ]
[10/22/2020, 4:39:37 AM] DEBUG [ 'ipcInterface command type: [PI], content:[]' ]
[10/22/2020, 4:39:39 AM] DEBUG [ 'GET: /metric-data: body:\n{}' ]
[10/22/2020, 4:39:39 AM] DEBUG [ 'GET: /experiment: body:\n{}' ]
[10/22/2020, 4:39:39 AM] DEBUG [ 'GET: /trial-jobs: body:\n{}' ]
[10/22/2020, 4:39:39 AM] DEBUG [ 'getTrialJobsByReplayEvents begin' ]
[10/22/2020, 4:39:39 AM] DEBUG [ 'getTrialJobsByReplayEvents done' ]
[10/22/2020, 4:39:39 AM] DEBUG [ 'GET: /check-status: body:\n{}' ]
[10/22/2020, 4:39:42 AM] DEBUG [ 'ipcInterface command type: [PI], content:[]' ]
[10/22/2020, 4:39:43 AM] DEBUG [ 'GET: /trial-jobs: body:\n{}' ]
[10/22/2020, 4:39:43 AM] DEBUG [ 'GET: /experiment: body:\n{}' ]
[10/22/2020, 4:39:43 AM] DEBUG [ 'GET: /metric-data: body:\n{}' ]
[10/22/2020, 4:39:43 AM] DEBUG [ 'getTrialJobsByReplayEvents begin' ]
[10/22/2020, 4:39:43 AM] DEBUG [ 'getTrialJobsByReplayEvents done' ]
[10/22/2020, 4:39:43 AM] DEBUG [ 'GET: /check-status: body:\n{}' ]
[10/22/2020, 4:39:43 AM] DEBUG [ 'GET: /metric-data: body:\n{}' ]
[10/22/2020, 4:39:43 AM] DEBUG [ 'GET: /trial-jobs: body:\n{}' ]
[10/22/2020, 4:39:43 AM] DEBUG [ 'getTrialJobsByReplayEvents begin' ]
[10/22/2020, 4:39:43 AM] DEBUG [ 'getTrialJobsByReplayEvents done' ]
[10/22/2020, 4:39:43 AM] DEBUG [ 'GET: /version: body:\n{}' ]
[10/22/2020, 4:39:44 AM] DEBUG [ 'GET: /experiment: body:\n{}' ]
[10/22/2020, 4:39:44 AM] DEBUG [ 'GET: /trial-jobs: body:\n{}' ]
[10/22/2020, 4:39:44 AM] DEBUG [ 'GET: /metric-data: body:\n{}' ]
[10/22/2020, 4:39:44 AM] DEBUG [ 'getTrialJobsByReplayEvents begin' ]
[10/22/2020, 4:39:44 AM] DEBUG [ 'getTrialJobsByReplayEvents done' ]
[10/22/2020, 4:39:45 AM] DEBUG [ 'GET: /check-status: body:\n{}' ]
